2015-10-06T20:10:42.798Z - verbose: [36mverbose: [39mLoading adapter ( sails-disk ) for account  from `node_modules` directory...
2015-10-06T20:10:42.868Z - verbose: [36mverbose: [39mStarting ORM...
2015-10-06T20:10:42.869Z - silly: [31ms[39m[33mi[39m[32ml[39m[34ml[39m[35my[39m[31m:[39m Registering model `account` in Waterline (ORM)
2015-10-06T20:10:42.870Z - silly: [31ms[39m[33mi[39m[32ml[39m[34ml[39m[35my[39m[31m:[39m Registering model `bonus` in Waterline (ORM)
2015-10-06T20:10:42.870Z - silly: [31ms[39m[33mi[39m[32ml[39m[34ml[39m[35my[39m[31m:[39m Registering model `code` in Waterline (ORM)
2015-10-06T20:10:42.870Z - silly: [31ms[39m[33mi[39m[32ml[39m[34ml[39m[35my[39m[31m:[39m Registering model `game` in Waterline (ORM)
2015-10-06T20:10:42.870Z - silly: [31ms[39m[33mi[39m[32ml[39m[34ml[39m[35my[39m[31m:[39m Registering model `history` in Waterline (ORM)
2015-10-06T20:10:42.871Z - silly: [31ms[39m[33mi[39m[32ml[39m[34ml[39m[35my[39m[31m:[39m Registering model `player` in Waterline (ORM)
2015-10-06T20:10:42.871Z - silly: [31ms[39m[33mi[39m[32ml[39m[34ml[39m[35my[39m[31m:[39m Registering model `user` in Waterline (ORM)
2015-10-06T22:47:06.663Z - verbose: [36mverbose: [39mLowering sails...
2015-10-06T22:47:06.672Z - verbose: [36mverbose: [39mShutting down socket server...
2015-10-06T22:47:06.674Z - verbose: [36mverbose: [39mShutting down HTTP server...
2015-10-06T22:47:06.694Z - verbose: [36mverbose: [39mHTTP server shut down successfully.
2015-10-06T22:47:15.996Z - verbose: [36mverbose: [39mlogger hook loaded successfully.
2015-10-06T22:47:15.998Z - verbose: [36mverbose: [39mrequest hook loaded successfully.
2015-10-06T22:47:15.998Z - verbose: [36mverbose: [39mLoading the app's models and adapters...
2015-10-06T22:47:15.999Z - verbose: [36mverbose: [39mLoading app models...
2015-10-06T22:47:16.009Z - verbose: [36mverbose: [39mLoading app adapters...
2015-10-06T22:47:16.011Z - verbose: [36mverbose: [39mLoading blueprint middleware...
2015-10-06T22:47:16.124Z - verbose: [36mverbose: [39mblueprints hook loaded successfully.
2015-10-06T22:47:16.124Z - verbose: [36mverbose: [39mresponses hook loaded successfully.
2015-10-06T22:47:16.133Z - verbose: [36mverbose: [39mcontrollers hook loaded successfully.
2015-10-06T22:47:16.135Z - verbose: [36mverbose: [39mLoading policy modules from app...
2015-10-06T22:47:16.137Z - verbose: [36mverbose: [39mFinished loading policy middleware logic.
2015-10-06T22:47:16.137Z - verbose: [36mverbose: [39mpolicies hook loaded successfully.
2015-10-06T22:47:16.137Z - verbose: [36mverbose: [39mservices hook loaded successfully.
2015-10-06T22:47:16.138Z - verbose: [36mverbose: [39mcors hook loaded successfully.
2015-10-06T22:47:16.243Z - verbose: [36mverbose: [39mhttp hook loaded successfully.
2015-10-06T22:47:16.244Z - verbose: [36mverbose: [39mPreparing socket.io...
2015-10-06T22:47:16.268Z - verbose: [36mverbose: [39msockets hook loaded successfully.
2015-10-06T22:47:16.268Z - verbose: [36mverbose: [39mpluralize-only-rest-models hook loaded successfully.
2015-10-06T22:47:16.269Z - verbose: [36mverbose: [39mcron hook loaded successfully.
2015-10-06T22:47:16.542Z - verbose: [36mverbose: [39morm hook loaded successfully.
2015-10-06T22:47:16.543Z - verbose: [36mverbose: [39mBuilt-in hooks are ready.
2015-10-06T22:47:16.543Z - verbose: [36mverbose: [39mInstantiating registry...
2015-10-06T22:47:16.544Z - verbose: [36mverbose: [39mLoading router...
2015-10-06T22:47:16.546Z - silly: [31ms[39m[33mi[39m[32ml[39m[34ml[39m[35my[39m[31m:[39m Binding route ::  all /* (REQUEST HOOK: addMixins)
2015-10-06T22:47:16.550Z - silly: [31ms[39m[33mi[39m[32ml[39m[34ml[39m[35my[39m[31m:[39m Binding route ::  all /* (RESPONSES HOOK: addResponseMethods)
2015-10-06T22:47:16.553Z - verbose: [36mverbose: [39mPolicy-controller bindings complete!
2015-10-06T22:47:16.554Z - silly: [31ms[39m[33mi[39m[32ml[39m[34ml[39m[35my[39m[31m:[39m Binding route ::  all /* (CORS HOOK: clearHeaders)
2015-10-06T22:47:16.558Z - silly: [31ms[39m[33mi[39m[32ml[39m[34ml[39m[35my[39m[31m:[39m Binding route ::  get /__getcookie (SOCKETS HOOK)
2015-10-06T22:47:16.560Z - silly: [31ms[39m[33mi[39m[32ml[39m[34ml[39m[35my[39m[31m:[39m Binding action (identity) blueprint/shadow route for controller: account
2015-10-06T22:47:16.561Z - silly: [31ms[39m[33mi[39m[32ml[39m[34ml[39m[35my[39m[31m:[39m Binding action (globalid) blueprint/shadow route for controller: account
2015-10-06T22:47:16.561Z - silly: [31ms[39m[33mi[39m[32ml[39m[34ml[39m[35my[39m[31m:[39m Binding action (sails) blueprint/shadow route for controller: account
2015-10-06T22:47:16.572Z - silly: [31ms[39m[33mi[39m[32ml[39m[34ml[39m[35my[39m[31m:[39m Binding RESTful blueprint/shadow routes for model+controller: account
2015-10-06T22:47:16.573Z - silly: [31ms[39m[33mi[39m[32ml[39m[34ml[39m[35my[39m[31m:[39m Binding route ::  get /v1/accounts (POLICY: isAuthenticated)
2015-10-06T22:47:16.573Z - silly: [31ms[39m[33mi[39m[32ml[39m[34ml[39m[35my[39m[31m:[39m Binding route ::  get /v1/accounts (BLUEPRINT: )
2015-10-06T22:47:16.574Z - silly: [31ms[39m[33mi[39m[32ml[39m[34ml[39m[35my[39m[31m:[39m Binding route ::  get /v1/accounts/:id (POLICY: isAuthenticated)
2015-10-06T22:47:16.574Z - silly: [31ms[39m[33mi[39m[32ml[39m[34ml[39m[35my[39m[31m:[39m Binding route ::  get /v1/accounts/:id (BLUEPRINT: )
2015-10-06T22:47:16.575Z - silly: [31ms[39m[33mi[39m[32ml[39m[34ml[39m[35my[39m[31m:[39m Binding route ::  post /v1/accounts (POLICY: isAuthenticated)
2015-10-06T22:47:16.575Z - silly: [31ms[39m[33mi[39m[32ml[39m[34ml[39m[35my[39m[31m:[39m Binding route ::  post /v1/accounts (BLUEPRINT: )
2015-10-06T22:47:16.576Z - silly: [31ms[39m[33mi[39m[32ml[39m[34ml[39m[35my[39m[31m:[39m Binding route ::  put /v1/accounts/:id (POLICY: isAuthenticated)
2015-10-06T22:47:16.577Z - silly: [31ms[39m[33mi[39m[32ml[39m[34ml[39m[35my[39m[31m:[39m Binding route ::  put /v1/accounts/:id (BLUEPRINT: )
2015-10-06T22:47:16.578Z - silly: [31ms[39m[33mi[39m[32ml[39m[34ml[39m[35my[39m[31m:[39m Binding route ::  post /v1/accounts/:id (POLICY: isAuthenticated)
2015-10-06T22:47:16.578Z - silly: [31ms[39m[33mi[39m[32ml[39m[34ml[39m[35my[39m[31m:[39m Binding route ::  post /v1/accounts/:id (BLUEPRINT: )
2015-10-06T22:47:16.579Z - silly: [31ms[39m[33mi[39m[32ml[39m[34ml[39m[35my[39m[31m:[39m Binding route ::  delete /v1/accounts/:id? (POLICY: isAuthenticated)
2015-10-06T22:47:16.580Z - silly: [31ms[39m[33mi[39m[32ml[39m[34ml[39m[35my[39m[31m:[39m Binding route ::  delete /v1/accounts/:id? (BLUEPRINT: )
2015-10-06T22:47:16.581Z - silly: [31ms[39m[33mi[39m[32ml[39m[34ml[39m[35my[39m[31m:[39m Binding action (signin) blueprint/shadow route for controller: auth
2015-10-06T22:47:16.581Z - silly: [31ms[39m[33mi[39m[32ml[39m[34ml[39m[35my[39m[31m:[39m Binding route ::   /v1/auth/signin/:id? (POLICY: alwaysAllow)
2015-10-06T22:47:16.582Z - silly: [31ms[39m[33mi[39m[32ml[39m[34ml[39m[35my[39m[31m:[39m Binding route ::   /v1/auth/signin/:id? (ACTION: auth/signin)
2015-10-06T22:47:16.583Z - silly: [31ms[39m[33mi[39m[32ml[39m[34ml[39m[35my[39m[31m:[39m Binding action (signup) blueprint/shadow route for controller: auth
2015-10-06T22:47:16.583Z - silly: [31ms[39m[33mi[39m[32ml[39m[34ml[39m[35my[39m[31m:[39m Binding route ::   /v1/auth/signup/:id? (POLICY: alwaysAllow)
2015-10-06T22:47:16.584Z - silly: [31ms[39m[33mi[39m[32ml[39m[34ml[39m[35my[39m[31m:[39m Binding route ::   /v1/auth/signup/:id? (ACTION: auth/signup)
2015-10-06T22:47:16.584Z - silly: [31ms[39m[33mi[39m[32ml[39m[34ml[39m[35my[39m[31m:[39m Binding action (social) blueprint/shadow route for controller: auth
2015-10-06T22:47:16.585Z - silly: [31ms[39m[33mi[39m[32ml[39m[34ml[39m[35my[39m[31m:[39m Binding route ::   /v1/auth/social/:id? (POLICY: alwaysAllow)
2015-10-06T22:47:16.586Z - silly: [31ms[39m[33mi[39m[32ml[39m[34ml[39m[35my[39m[31m:[39m Binding route ::   /v1/auth/social/:id? (ACTION: auth/social)
2015-10-06T22:47:16.586Z - silly: [31ms[39m[33mi[39m[32ml[39m[34ml[39m[35my[39m[31m:[39m Binding action (refresh_token) blueprint/shadow route for controller: auth
2015-10-06T22:47:16.587Z - silly: [31ms[39m[33mi[39m[32ml[39m[34ml[39m[35my[39m[31m:[39m Binding route ::   /v1/auth/refresh_token/:id? (POLICY: alwaysAllow)
2015-10-06T22:47:16.587Z - silly: [31ms[39m[33mi[39m[32ml[39m[34ml[39m[35my[39m[31m:[39m Binding route ::   /v1/auth/refresh_token/:id? (ACTION: auth/refresh_token)
2015-10-06T22:47:16.588Z - silly: [31ms[39m[33mi[39m[32ml[39m[34ml[39m[35my[39m[31m:[39m Binding action (identity) blueprint/shadow route for controller: auth
2015-10-06T22:47:16.588Z - silly: [31ms[39m[33mi[39m[32ml[39m[34ml[39m[35my[39m[31m:[39m Binding action (globalid) blueprint/shadow route for controller: auth
2015-10-06T22:47:16.589Z - silly: [31ms[39m[33mi[39m[32ml[39m[34ml[39m[35my[39m[31m:[39m Binding action (sails) blueprint/shadow route for controller: auth
2015-10-06T22:47:16.595Z - silly: [31ms[39m[33mi[39m[32ml[39m[34ml[39m[35my[39m[31m:[39m Binding action (identity) blueprint/shadow route for controller: bonus
2015-10-06T22:47:16.595Z - silly: [31ms[39m[33mi[39m[32ml[39m[34ml[39m[35my[39m[31m:[39m Binding action (globalid) blueprint/shadow route for controller: bonus
2015-10-06T22:47:16.595Z - silly: [31ms[39m[33mi[39m[32ml[39m[34ml[39m[35my[39m[31m:[39m Binding action (sails) blueprint/shadow route for controller: bonus
2015-10-06T22:47:16.600Z - silly: [31ms[39m[33mi[39m[32ml[39m[34ml[39m[35my[39m[31m:[39m Binding RESTful blueprint/shadow routes for model+controller: bonus
2015-10-06T22:47:16.601Z - silly: [31ms[39m[33mi[39m[32ml[39m[34ml[39m[35my[39m[31m:[39m Binding route ::  get /v1/bonuses (POLICY: isAuthenticated)
2015-10-06T22:47:16.602Z - silly: [31ms[39m[33mi[39m[32ml[39m[34ml[39m[35my[39m[31m:[39m Binding route ::  get /v1/bonuses (BLUEPRINT: )
2015-10-06T22:47:16.602Z - silly: [31ms[39m[33mi[39m[32ml[39m[34ml[39m[35my[39m[31m:[39m Binding route ::  get /v1/bonuses/:id (POLICY: isAuthenticated)
2015-10-06T22:47:16.603Z - silly: [31ms[39m[33mi[39m[32ml[39m[34ml[39m[35my[39m[31m:[39m Binding route ::  get /v1/bonuses/:id (BLUEPRINT: )
2015-10-06T22:47:16.603Z - silly: [31ms[39m[33mi[39m[32ml[39m[34ml[39m[35my[39m[31m:[39m Binding route ::  post /v1/bonuses (POLICY: isAuthenticated)
2015-10-06T22:47:16.603Z - silly: [31ms[39m[33mi[39m[32ml[39m[34ml[39m[35my[39m[31m:[39m Binding route ::  post /v1/bonuses (BLUEPRINT: )
2015-10-06T22:47:16.604Z - silly: [31ms[39m[33mi[39m[32ml[39m[34ml[39m[35my[39m[31m:[39m Binding route ::  put /v1/bonuses/:id (POLICY: isAuthenticated)
2015-10-06T22:47:16.604Z - silly: [31ms[39m[33mi[39m[32ml[39m[34ml[39m[35my[39m[31m:[39m Binding route ::  put /v1/bonuses/:id (BLUEPRINT: )
2015-10-06T22:47:16.605Z - silly: [31ms[39m[33mi[39m[32ml[39m[34ml[39m[35my[39m[31m:[39m Binding route ::  post /v1/bonuses/:id (POLICY: isAuthenticated)
2015-10-06T22:47:16.605Z - silly: [31ms[39m[33mi[39m[32ml[39m[34ml[39m[35my[39m[31m:[39m Binding route ::  post /v1/bonuses/:id (BLUEPRINT: )
2015-10-06T22:47:16.606Z - silly: [31ms[39m[33mi[39m[32ml[39m[34ml[39m[35my[39m[31m:[39m Binding route ::  delete /v1/bonuses/:id? (POLICY: isAuthenticated)
2015-10-06T22:47:16.607Z - silly: [31ms[39m[33mi[39m[32ml[39m[34ml[39m[35my[39m[31m:[39m Binding route ::  delete /v1/bonuses/:id? (BLUEPRINT: )
2015-10-06T22:47:16.608Z - silly: [31ms[39m[33mi[39m[32ml[39m[34ml[39m[35my[39m[31m:[39m Binding RESTful association blueprint `owner` for bonus
2015-10-06T22:47:16.609Z - silly: [31ms[39m[33mi[39m[32ml[39m[34ml[39m[35my[39m[31m:[39m Binding route ::  get /v1/bonuses/:parentid/owner/:id? (POLICY: isAuthenticated)
2015-10-06T22:47:16.609Z - silly: [31ms[39m[33mi[39m[32ml[39m[34ml[39m[35my[39m[31m:[39m Binding route ::  get /v1/bonuses/:parentid/owner/:id? (BLUEPRINT: expand)
2015-10-06T22:47:16.610Z - silly: [31ms[39m[33mi[39m[32ml[39m[34ml[39m[35my[39m[31m:[39m Binding action (identity) blueprint/shadow route for controller: code
2015-10-06T22:47:16.610Z - silly: [31ms[39m[33mi[39m[32ml[39m[34ml[39m[35my[39m[31m:[39m Binding action (globalid) blueprint/shadow route for controller: code
2015-10-06T22:47:16.611Z - silly: [31ms[39m[33mi[39m[32ml[39m[34ml[39m[35my[39m[31m:[39m Binding action (sails) blueprint/shadow route for controller: code
2015-10-06T22:47:16.616Z - silly: [31ms[39m[33mi[39m[32ml[39m[34ml[39m[35my[39m[31m:[39m Binding RESTful blueprint/shadow routes for model+controller: code
2015-10-06T22:47:16.617Z - silly: [31ms[39m[33mi[39m[32ml[39m[34ml[39m[35my[39m[31m:[39m Binding route ::  get /v1/codes (POLICY: isAuthenticated)
2015-10-06T22:47:16.618Z - silly: [31ms[39m[33mi[39m[32ml[39m[34ml[39m[35my[39m[31m:[39m Binding route ::  get /v1/codes (BLUEPRINT: )
2015-10-06T22:47:16.618Z - silly: [31ms[39m[33mi[39m[32ml[39m[34ml[39m[35my[39m[31m:[39m Binding route ::  get /v1/codes/:id (POLICY: isAuthenticated)
2015-10-06T22:47:16.619Z - silly: [31ms[39m[33mi[39m[32ml[39m[34ml[39m[35my[39m[31m:[39m Binding route ::  get /v1/codes/:id (BLUEPRINT: )
2015-10-06T22:47:16.620Z - silly: [31ms[39m[33mi[39m[32ml[39m[34ml[39m[35my[39m[31m:[39m Binding route ::  post /v1/codes (POLICY: isAuthenticated)
2015-10-06T22:47:16.620Z - silly: [31ms[39m[33mi[39m[32ml[39m[34ml[39m[35my[39m[31m:[39m Binding route ::  post /v1/codes (BLUEPRINT: )
2015-10-06T22:47:16.621Z - silly: [31ms[39m[33mi[39m[32ml[39m[34ml[39m[35my[39m[31m:[39m Binding route ::  put /v1/codes/:id (POLICY: isAuthenticated)
2015-10-06T22:47:16.622Z - silly: [31ms[39m[33mi[39m[32ml[39m[34ml[39m[35my[39m[31m:[39m Binding route ::  put /v1/codes/:id (BLUEPRINT: )
2015-10-06T22:47:16.623Z - silly: [31ms[39m[33mi[39m[32ml[39m[34ml[39m[35my[39m[31m:[39m Binding route ::  post /v1/codes/:id (POLICY: isAuthenticated)
2015-10-06T22:47:16.623Z - silly: [31ms[39m[33mi[39m[32ml[39m[34ml[39m[35my[39m[31m:[39m Binding route ::  post /v1/codes/:id (BLUEPRINT: )
2015-10-06T22:47:16.624Z - silly: [31ms[39m[33mi[39m[32ml[39m[34ml[39m[35my[39m[31m:[39m Binding route ::  delete /v1/codes/:id? (POLICY: isAuthenticated)
2015-10-06T22:47:16.625Z - silly: [31ms[39m[33mi[39m[32ml[39m[34ml[39m[35my[39m[31m:[39m Binding route ::  delete /v1/codes/:id? (BLUEPRINT: )
2015-10-06T22:47:16.626Z - silly: [31ms[39m[33mi[39m[32ml[39m[34ml[39m[35my[39m[31m:[39m Binding action (identity) blueprint/shadow route for controller: game
2015-10-06T22:47:16.626Z - silly: [31ms[39m[33mi[39m[32ml[39m[34ml[39m[35my[39m[31m:[39m Binding action (globalid) blueprint/shadow route for controller: game
2015-10-06T22:47:16.627Z - silly: [31ms[39m[33mi[39m[32ml[39m[34ml[39m[35my[39m[31m:[39m Binding action (sails) blueprint/shadow route for controller: game
2015-10-06T22:47:16.632Z - silly: [31ms[39m[33mi[39m[32ml[39m[34ml[39m[35my[39m[31m:[39m Binding RESTful blueprint/shadow routes for model+controller: game
2015-10-06T22:47:16.632Z - silly: [31ms[39m[33mi[39m[32ml[39m[34ml[39m[35my[39m[31m:[39m Binding route ::  get /v1/games (POLICY: isAuthenticated)
2015-10-06T22:47:16.633Z - silly: [31ms[39m[33mi[39m[32ml[39m[34ml[39m[35my[39m[31m:[39m Binding route ::  get /v1/games (BLUEPRINT: )
2015-10-06T22:47:16.634Z - silly: [31ms[39m[33mi[39m[32ml[39m[34ml[39m[35my[39m[31m:[39m Binding route ::  get /v1/games/:id (POLICY: isAuthenticated)
2015-10-06T22:47:16.634Z - silly: [31ms[39m[33mi[39m[32ml[39m[34ml[39m[35my[39m[31m:[39m Binding route ::  get /v1/games/:id (BLUEPRINT: )
2015-10-06T22:47:16.635Z - silly: [31ms[39m[33mi[39m[32ml[39m[34ml[39m[35my[39m[31m:[39m Binding route ::  post /v1/games (POLICY: isAuthenticated)
2015-10-06T22:47:16.635Z - silly: [31ms[39m[33mi[39m[32ml[39m[34ml[39m[35my[39m[31m:[39m Binding route ::  post /v1/games (BLUEPRINT: )
2015-10-06T22:47:16.636Z - silly: [31ms[39m[33mi[39m[32ml[39m[34ml[39m[35my[39m[31m:[39m Binding route ::  put /v1/games/:id (POLICY: isAuthenticated)
2015-10-06T22:47:16.636Z - silly: [31ms[39m[33mi[39m[32ml[39m[34ml[39m[35my[39m[31m:[39m Binding route ::  put /v1/games/:id (BLUEPRINT: )
2015-10-06T22:47:16.637Z - silly: [31ms[39m[33mi[39m[32ml[39m[34ml[39m[35my[39m[31m:[39m Binding route ::  post /v1/games/:id (POLICY: isAuthenticated)
2015-10-06T22:47:16.638Z - silly: [31ms[39m[33mi[39m[32ml[39m[34ml[39m[35my[39m[31m:[39m Binding route ::  post /v1/games/:id (BLUEPRINT: )
2015-10-06T22:47:16.638Z - silly: [31ms[39m[33mi[39m[32ml[39m[34ml[39m[35my[39m[31m:[39m Binding route ::  delete /v1/games/:id? (POLICY: isAuthenticated)
2015-10-06T22:47:16.639Z - silly: [31ms[39m[33mi[39m[32ml[39m[34ml[39m[35my[39m[31m:[39m Binding route ::  delete /v1/games/:id? (BLUEPRINT: )
2015-10-06T22:47:16.639Z - silly: [31ms[39m[33mi[39m[32ml[39m[34ml[39m[35my[39m[31m:[39m Binding RESTful association blueprint `_player1` for game
2015-10-06T22:47:16.640Z - silly: [31ms[39m[33mi[39m[32ml[39m[34ml[39m[35my[39m[31m:[39m Binding route ::  get /v1/games/:parentid/_player1/:id? (POLICY: isAuthenticated)
2015-10-06T22:47:16.640Z - silly: [31ms[39m[33mi[39m[32ml[39m[34ml[39m[35my[39m[31m:[39m Binding route ::  get /v1/games/:parentid/_player1/:id? (BLUEPRINT: expand)
2015-10-06T22:47:16.641Z - silly: [31ms[39m[33mi[39m[32ml[39m[34ml[39m[35my[39m[31m:[39m Binding RESTful association blueprint `_player2` for game
2015-10-06T22:47:16.642Z - silly: [31ms[39m[33mi[39m[32ml[39m[34ml[39m[35my[39m[31m:[39m Binding route ::  get /v1/games/:parentid/_player2/:id? (POLICY: isAuthenticated)
2015-10-06T22:47:16.643Z - silly: [31ms[39m[33mi[39m[32ml[39m[34ml[39m[35my[39m[31m:[39m Binding route ::  get /v1/games/:parentid/_player2/:id? (BLUEPRINT: expand)
2015-10-06T22:47:16.644Z - silly: [31ms[39m[33mi[39m[32ml[39m[34ml[39m[35my[39m[31m:[39m Binding action (identity) blueprint/shadow route for controller: history
2015-10-06T22:47:16.644Z - silly: [31ms[39m[33mi[39m[32ml[39m[34ml[39m[35my[39m[31m:[39m Binding action (globalid) blueprint/shadow route for controller: history
2015-10-06T22:47:16.645Z - silly: [31ms[39m[33mi[39m[32ml[39m[34ml[39m[35my[39m[31m:[39m Binding action (sails) blueprint/shadow route for controller: history
2015-10-06T22:47:16.649Z - silly: [31ms[39m[33mi[39m[32ml[39m[34ml[39m[35my[39m[31m:[39m Binding RESTful blueprint/shadow routes for model+controller: history
2015-10-06T22:47:16.650Z - silly: [31ms[39m[33mi[39m[32ml[39m[34ml[39m[35my[39m[31m:[39m Binding route ::  get /v1/histories (POLICY: isAuthenticated)
2015-10-06T22:47:16.650Z - silly: [31ms[39m[33mi[39m[32ml[39m[34ml[39m[35my[39m[31m:[39m Binding route ::  get /v1/histories (BLUEPRINT: )
2015-10-06T22:47:16.652Z - silly: [31ms[39m[33mi[39m[32ml[39m[34ml[39m[35my[39m[31m:[39m Binding route ::  get /v1/histories/:id (POLICY: isAuthenticated)
2015-10-06T22:47:16.652Z - silly: [31ms[39m[33mi[39m[32ml[39m[34ml[39m[35my[39m[31m:[39m Binding route ::  get /v1/histories/:id (BLUEPRINT: )
2015-10-06T22:47:16.653Z - silly: [31ms[39m[33mi[39m[32ml[39m[34ml[39m[35my[39m[31m:[39m Binding route ::  post /v1/histories (POLICY: isAuthenticated)
2015-10-06T22:47:16.654Z - silly: [31ms[39m[33mi[39m[32ml[39m[34ml[39m[35my[39m[31m:[39m Binding route ::  post /v1/histories (BLUEPRINT: )
2015-10-06T22:47:16.654Z - silly: [31ms[39m[33mi[39m[32ml[39m[34ml[39m[35my[39m[31m:[39m Binding route ::  put /v1/histories/:id (POLICY: isAuthenticated)
2015-10-06T22:47:16.655Z - silly: [31ms[39m[33mi[39m[32ml[39m[34ml[39m[35my[39m[31m:[39m Binding route ::  put /v1/histories/:id (BLUEPRINT: )
2015-10-06T22:47:16.655Z - silly: [31ms[39m[33mi[39m[32ml[39m[34ml[39m[35my[39m[31m:[39m Binding route ::  post /v1/histories/:id (POLICY: isAuthenticated)
2015-10-06T22:47:16.656Z - silly: [31ms[39m[33mi[39m[32ml[39m[34ml[39m[35my[39m[31m:[39m Binding route ::  post /v1/histories/:id (BLUEPRINT: )
2015-10-06T22:47:16.657Z - silly: [31ms[39m[33mi[39m[32ml[39m[34ml[39m[35my[39m[31m:[39m Binding route ::  delete /v1/histories/:id? (POLICY: isAuthenticated)
2015-10-06T22:47:16.657Z - silly: [31ms[39m[33mi[39m[32ml[39m[34ml[39m[35my[39m[31m:[39m Binding route ::  delete /v1/histories/:id? (BLUEPRINT: )
2015-10-06T22:47:16.658Z - silly: [31ms[39m[33mi[39m[32ml[39m[34ml[39m[35my[39m[31m:[39m Binding RESTful association blueprint `codes` for history
2015-10-06T22:47:16.659Z - silly: [31ms[39m[33mi[39m[32ml[39m[34ml[39m[35my[39m[31m:[39m Binding route ::  post /v1/histories/:parentid/codes/:id? (POLICY: isAuthenticated)
2015-10-06T22:47:16.659Z - silly: [31ms[39m[33mi[39m[32ml[39m[34ml[39m[35my[39m[31m:[39m Binding route ::  post /v1/histories/:parentid/codes/:id? (BLUEPRINT: addToCollection)
2015-10-06T22:47:16.660Z - silly: [31ms[39m[33mi[39m[32ml[39m[34ml[39m[35my[39m[31m:[39m Binding route ::  delete /v1/histories/:parentid/codes/:id? (POLICY: isAuthenticated)
2015-10-06T22:47:16.660Z - silly: [31ms[39m[33mi[39m[32ml[39m[34ml[39m[35my[39m[31m:[39m Binding route ::  delete /v1/histories/:parentid/codes/:id? (BLUEPRINT: remove)
2015-10-06T22:47:16.661Z - silly: [31ms[39m[33mi[39m[32ml[39m[34ml[39m[35my[39m[31m:[39m Binding RESTful association blueprint `list_bonus` for history
2015-10-06T22:47:16.661Z - silly: [31ms[39m[33mi[39m[32ml[39m[34ml[39m[35my[39m[31m:[39m Binding route ::  post /v1/histories/:parentid/list_bonus/:id? (POLICY: isAuthenticated)
2015-10-06T22:47:16.669Z - silly: [31ms[39m[33mi[39m[32ml[39m[34ml[39m[35my[39m[31m:[39m Binding route ::  post /v1/histories/:parentid/list_bonus/:id? (BLUEPRINT: addToCollection)
2015-10-06T22:47:16.669Z - silly: [31ms[39m[33mi[39m[32ml[39m[34ml[39m[35my[39m[31m:[39m Binding route ::  delete /v1/histories/:parentid/list_bonus/:id? (POLICY: isAuthenticated)
2015-10-06T22:47:16.670Z - silly: [31ms[39m[33mi[39m[32ml[39m[34ml[39m[35my[39m[31m:[39m Binding route ::  delete /v1/histories/:parentid/list_bonus/:id? (BLUEPRINT: remove)
2015-10-06T22:47:16.670Z - silly: [31ms[39m[33mi[39m[32ml[39m[34ml[39m[35my[39m[31m:[39m Binding RESTful association blueprint `codes` for history
2015-10-06T22:47:16.671Z - silly: [31ms[39m[33mi[39m[32ml[39m[34ml[39m[35my[39m[31m:[39m Binding route ::  get /v1/histories/:parentid/codes/:id? (POLICY: isAuthenticated)
2015-10-06T22:47:16.672Z - silly: [31ms[39m[33mi[39m[32ml[39m[34ml[39m[35my[39m[31m:[39m Binding route ::  get /v1/histories/:parentid/codes/:id? (BLUEPRINT: expand)
2015-10-06T22:47:16.672Z - silly: [31ms[39m[33mi[39m[32ml[39m[34ml[39m[35my[39m[31m:[39m Binding RESTful association blueprint `list_bonus` for history
2015-10-06T22:47:16.672Z - silly: [31ms[39m[33mi[39m[32ml[39m[34ml[39m[35my[39m[31m:[39m Binding route ::  get /v1/histories/:parentid/list_bonus/:id? (POLICY: isAuthenticated)
2015-10-06T22:47:16.673Z - silly: [31ms[39m[33mi[39m[32ml[39m[34ml[39m[35my[39m[31m:[39m Binding route ::  get /v1/histories/:parentid/list_bonus/:id? (BLUEPRINT: expand)
2015-10-06T22:47:16.674Z - silly: [31ms[39m[33mi[39m[32ml[39m[34ml[39m[35my[39m[31m:[39m Binding action (index) blueprint/shadow route for controller: ping
2015-10-06T22:47:16.675Z - silly: [31ms[39m[33mi[39m[32ml[39m[34ml[39m[35my[39m[31m:[39m Binding route ::   /v1/ping/index/:id? (POLICY: alwaysAllow)
2015-10-06T22:47:16.675Z - silly: [31ms[39m[33mi[39m[32ml[39m[34ml[39m[35my[39m[31m:[39m Binding route ::   /v1/ping/index/:id? (ACTION: ping/index)
2015-10-06T22:47:16.677Z - silly: [31ms[39m[33mi[39m[32ml[39m[34ml[39m[35my[39m[31m:[39m Binding index blueprint/shadow route for controller: ping
2015-10-06T22:47:16.677Z - silly: [31ms[39m[33mi[39m[32ml[39m[34ml[39m[35my[39m[31m:[39m Binding route ::   /v1/ping (POLICY: alwaysAllow)
2015-10-06T22:47:16.678Z - silly: [31ms[39m[33mi[39m[32ml[39m[34ml[39m[35my[39m[31m:[39m Binding route ::   /v1/ping (ACTION: ping/index)
2015-10-06T22:47:16.679Z - silly: [31ms[39m[33mi[39m[32ml[39m[34ml[39m[35my[39m[31m:[39m Binding action (identity) blueprint/shadow route for controller: ping
2015-10-06T22:47:16.679Z - silly: [31ms[39m[33mi[39m[32ml[39m[34ml[39m[35my[39m[31m:[39m Binding action (globalid) blueprint/shadow route for controller: ping
2015-10-06T22:47:16.679Z - silly: [31ms[39m[33mi[39m[32ml[39m[34ml[39m[35my[39m[31m:[39m Binding action (sails) blueprint/shadow route for controller: ping
2015-10-06T22:47:16.683Z - silly: [31ms[39m[33mi[39m[32ml[39m[34ml[39m[35my[39m[31m:[39m Binding action (identity) blueprint/shadow route for controller: player
2015-10-06T22:47:16.683Z - silly: [31ms[39m[33mi[39m[32ml[39m[34ml[39m[35my[39m[31m:[39m Binding action (globalid) blueprint/shadow route for controller: player
2015-10-06T22:47:16.684Z - silly: [31ms[39m[33mi[39m[32ml[39m[34ml[39m[35my[39m[31m:[39m Binding action (sails) blueprint/shadow route for controller: player
2015-10-06T22:47:16.687Z - silly: [31ms[39m[33mi[39m[32ml[39m[34ml[39m[35my[39m[31m:[39m Binding RESTful blueprint/shadow routes for model+controller: player
2015-10-06T22:47:16.688Z - silly: [31ms[39m[33mi[39m[32ml[39m[34ml[39m[35my[39m[31m:[39m Binding route ::  get /v1/players (POLICY: isAuthenticated)
2015-10-06T22:47:16.688Z - silly: [31ms[39m[33mi[39m[32ml[39m[34ml[39m[35my[39m[31m:[39m Binding route ::  get /v1/players (BLUEPRINT: )
2015-10-06T22:47:16.689Z - silly: [31ms[39m[33mi[39m[32ml[39m[34ml[39m[35my[39m[31m:[39m Binding route ::  get /v1/players/:id (POLICY: isAuthenticated)
2015-10-06T22:47:16.689Z - silly: [31ms[39m[33mi[39m[32ml[39m[34ml[39m[35my[39m[31m:[39m Binding route ::  get /v1/players/:id (BLUEPRINT: )
2015-10-06T22:47:16.690Z - silly: [31ms[39m[33mi[39m[32ml[39m[34ml[39m[35my[39m[31m:[39m Binding route ::  post /v1/players (POLICY: isAuthenticated)
2015-10-06T22:47:16.690Z - silly: [31ms[39m[33mi[39m[32ml[39m[34ml[39m[35my[39m[31m:[39m Binding route ::  post /v1/players (BLUEPRINT: )
2015-10-06T22:47:16.691Z - silly: [31ms[39m[33mi[39m[32ml[39m[34ml[39m[35my[39m[31m:[39m Binding route ::  put /v1/players/:id (POLICY: isAuthenticated)
2015-10-06T22:47:16.691Z - silly: [31ms[39m[33mi[39m[32ml[39m[34ml[39m[35my[39m[31m:[39m Binding route ::  put /v1/players/:id (BLUEPRINT: )
2015-10-06T22:47:16.691Z - silly: [31ms[39m[33mi[39m[32ml[39m[34ml[39m[35my[39m[31m:[39m Binding route ::  post /v1/players/:id (POLICY: isAuthenticated)
2015-10-06T22:47:16.692Z - silly: [31ms[39m[33mi[39m[32ml[39m[34ml[39m[35my[39m[31m:[39m Binding route ::  post /v1/players/:id (BLUEPRINT: )
2015-10-06T22:47:16.692Z - silly: [31ms[39m[33mi[39m[32ml[39m[34ml[39m[35my[39m[31m:[39m Binding route ::  delete /v1/players/:id? (POLICY: isAuthenticated)
2015-10-06T22:47:16.693Z - silly: [31ms[39m[33mi[39m[32ml[39m[34ml[39m[35my[39m[31m:[39m Binding route ::  delete /v1/players/:id? (BLUEPRINT: )
2015-10-06T22:47:16.693Z - silly: [31ms[39m[33mi[39m[32ml[39m[34ml[39m[35my[39m[31m:[39m Binding action (index) blueprint/shadow route for controller: search
2015-10-06T22:47:16.694Z - silly: [31ms[39m[33mi[39m[32ml[39m[34ml[39m[35my[39m[31m:[39m Binding route ::   /v1/search/index/:id? (POLICY: isAuthenticated)
2015-10-06T22:47:16.694Z - silly: [31ms[39m[33mi[39m[32ml[39m[34ml[39m[35my[39m[31m:[39m Binding route ::   /v1/search/index/:id? (ACTION: search/index)
2015-10-06T22:47:16.695Z - silly: [31ms[39m[33mi[39m[32ml[39m[34ml[39m[35my[39m[31m:[39m Binding index blueprint/shadow route for controller: search
2015-10-06T22:47:16.695Z - silly: [31ms[39m[33mi[39m[32ml[39m[34ml[39m[35my[39m[31m:[39m Binding route ::   /v1/search (POLICY: isAuthenticated)
2015-10-06T22:47:16.696Z - silly: [31ms[39m[33mi[39m[32ml[39m[34ml[39m[35my[39m[31m:[39m Binding route ::   /v1/search (ACTION: search/index)
2015-10-06T22:47:16.696Z - silly: [31ms[39m[33mi[39m[32ml[39m[34ml[39m[35my[39m[31m:[39m Binding action (identity) blueprint/shadow route for controller: search
2015-10-06T22:47:16.696Z - silly: [31ms[39m[33mi[39m[32ml[39m[34ml[39m[35my[39m[31m:[39m Binding action (globalid) blueprint/shadow route for controller: search
2015-10-06T22:47:16.697Z - silly: [31ms[39m[33mi[39m[32ml[39m[34ml[39m[35my[39m[31m:[39m Binding action (sails) blueprint/shadow route for controller: search
2015-10-06T22:47:16.700Z - silly: [31ms[39m[33mi[39m[32ml[39m[34ml[39m[35my[39m[31m:[39m Binding action (identity) blueprint/shadow route for controller: user
2015-10-06T22:47:16.701Z - silly: [31ms[39m[33mi[39m[32ml[39m[34ml[39m[35my[39m[31m:[39m Binding action (globalid) blueprint/shadow route for controller: user
2015-10-06T22:47:16.701Z - silly: [31ms[39m[33mi[39m[32ml[39m[34ml[39m[35my[39m[31m:[39m Binding action (sails) blueprint/shadow route for controller: user
2015-10-06T22:47:16.705Z - silly: [31ms[39m[33mi[39m[32ml[39m[34ml[39m[35my[39m[31m:[39m Binding RESTful blueprint/shadow routes for model+controller: user
2015-10-06T22:47:16.705Z - silly: [31ms[39m[33mi[39m[32ml[39m[34ml[39m[35my[39m[31m:[39m Binding route ::  get /v1/users (POLICY: isAuthenticated)
2015-10-06T22:47:16.707Z - silly: [31ms[39m[33mi[39m[32ml[39m[34ml[39m[35my[39m[31m:[39m Binding route ::  get /v1/users (BLUEPRINT: )
2015-10-06T22:47:16.707Z - silly: [31ms[39m[33mi[39m[32ml[39m[34ml[39m[35my[39m[31m:[39m Binding route ::  get /v1/users/:id (POLICY: isAuthenticated)
2015-10-06T22:47:16.708Z - silly: [31ms[39m[33mi[39m[32ml[39m[34ml[39m[35my[39m[31m:[39m Binding route ::  get /v1/users/:id (BLUEPRINT: )
2015-10-06T22:47:16.710Z - silly: [31ms[39m[33mi[39m[32ml[39m[34ml[39m[35my[39m[31m:[39m Binding route ::  post /v1/users (POLICY: isAuthenticated)
2015-10-06T22:47:16.710Z - silly: [31ms[39m[33mi[39m[32ml[39m[34ml[39m[35my[39m[31m:[39m Binding route ::  post /v1/users (BLUEPRINT: )
2015-10-06T22:47:16.711Z - silly: [31ms[39m[33mi[39m[32ml[39m[34ml[39m[35my[39m[31m:[39m Binding route ::  put /v1/users/:id (POLICY: isAuthenticated)
2015-10-06T22:47:16.712Z - silly: [31ms[39m[33mi[39m[32ml[39m[34ml[39m[35my[39m[31m:[39m Binding route ::  put /v1/users/:id (BLUEPRINT: )
2015-10-06T22:47:16.712Z - silly: [31ms[39m[33mi[39m[32ml[39m[34ml[39m[35my[39m[31m:[39m Binding route ::  post /v1/users/:id (POLICY: isAuthenticated)
2015-10-06T22:47:16.713Z - silly: [31ms[39m[33mi[39m[32ml[39m[34ml[39m[35my[39m[31m:[39m Binding route ::  post /v1/users/:id (BLUEPRINT: )
2015-10-06T22:47:16.713Z - silly: [31ms[39m[33mi[39m[32ml[39m[34ml[39m[35my[39m[31m:[39m Binding route ::  delete /v1/users/:id? (POLICY: isAuthenticated)
2015-10-06T22:47:16.714Z - silly: [31ms[39m[33mi[39m[32ml[39m[34ml[39m[35my[39m[31m:[39m Binding route ::  delete /v1/users/:id? (BLUEPRINT: )
2015-10-06T22:47:16.715Z - silly: [31ms[39m[33mi[39m[32ml[39m[34ml[39m[35my[39m[31m:[39m Binding RESTful association blueprint `list_bonus` for user
2015-10-06T22:47:16.715Z - silly: [31ms[39m[33mi[39m[32ml[39m[34ml[39m[35my[39m[31m:[39m Binding route ::  post /v1/users/:parentid/list_bonus/:id? (POLICY: isAuthenticated)
2015-10-06T22:47:16.716Z - silly: [31ms[39m[33mi[39m[32ml[39m[34ml[39m[35my[39m[31m:[39m Binding route ::  post /v1/users/:parentid/list_bonus/:id? (BLUEPRINT: addToCollection)
2015-10-06T22:47:16.716Z - silly: [31ms[39m[33mi[39m[32ml[39m[34ml[39m[35my[39m[31m:[39m Binding route ::  delete /v1/users/:parentid/list_bonus/:id? (POLICY: isAuthenticated)
2015-10-06T22:47:16.717Z - silly: [31ms[39m[33mi[39m[32ml[39m[34ml[39m[35my[39m[31m:[39m Binding route ::  delete /v1/users/:parentid/list_bonus/:id? (BLUEPRINT: remove)
2015-10-06T22:47:16.717Z - silly: [31ms[39m[33mi[39m[32ml[39m[34ml[39m[35my[39m[31m:[39m Binding RESTful association blueprint `list_bonus` for user
2015-10-06T22:47:16.718Z - silly: [31ms[39m[33mi[39m[32ml[39m[34ml[39m[35my[39m[31m:[39m Binding route ::  get /v1/users/:parentid/list_bonus/:id? (POLICY: isAuthenticated)
2015-10-06T22:47:16.718Z - silly: [31ms[39m[33mi[39m[32ml[39m[34ml[39m[35my[39m[31m:[39m Binding route ::  get /v1/users/:parentid/list_bonus/:id? (BLUEPRINT: expand)
2015-10-06T22:47:16.719Z - silly: [31ms[39m[33mi[39m[32ml[39m[34ml[39m[35my[39m[31m:[39m Binding RESTful association blueprint `code` for user
2015-10-06T22:47:16.719Z - silly: [31ms[39m[33mi[39m[32ml[39m[34ml[39m[35my[39m[31m:[39m Binding route ::  get /v1/users/:parentid/code/:id? (POLICY: isAuthenticated)
2015-10-06T22:47:16.719Z - silly: [31ms[39m[33mi[39m[32ml[39m[34ml[39m[35my[39m[31m:[39m Binding route ::  get /v1/users/:parentid/code/:id? (BLUEPRINT: expand)
2015-10-06T22:47:16.721Z - verbose: [36mverbose: [39mAll hooks were loaded successfully.
2015-10-06T22:47:16.721Z - verbose: [36mverbose: [39mStarting app at /Users/Ainur/gitRepo/PickLocker/API...
2015-10-06T22:47:16.722Z - verbose: [36mverbose: [39mRunning the setup logic in `sails.config.bootstrap(cb)`...
