2015-10-02T20:47:51.060Z - verbose: [36mverbose: [39mlogger hook loaded successfully.
2015-10-02T20:47:51.062Z - verbose: [36mverbose: [39mrequest hook loaded successfully.
2015-10-02T20:47:51.063Z - verbose: [36mverbose: [39mLoading the app's models and adapters...
2015-10-02T20:47:51.063Z - verbose: [36mverbose: [39mLoading app models...
2015-10-02T20:47:51.066Z - verbose: [36mverbose: [39mLoading app adapters...
2015-10-02T20:47:51.068Z - verbose: [36mverbose: [39mLoading blueprint middleware...
2015-10-02T20:47:51.133Z - verbose: [36mverbose: [39mblueprints hook loaded successfully.
2015-10-02T20:47:51.134Z - verbose: [36mverbose: [39mresponses hook loaded successfully.
2015-10-02T20:47:51.139Z - verbose: [36mverbose: [39mcontrollers hook loaded successfully.
2015-10-02T20:47:51.141Z - verbose: [36mverbose: [39mLoading policy modules from app...
2015-10-02T20:47:51.143Z - verbose: [36mverbose: [39mFinished loading policy middleware logic.
2015-10-02T20:47:51.143Z - verbose: [36mverbose: [39mpolicies hook loaded successfully.
2015-10-02T20:47:51.143Z - verbose: [36mverbose: [39mservices hook loaded successfully.
2015-10-02T20:47:51.144Z - verbose: [36mverbose: [39mcors hook loaded successfully.
2015-10-02T20:47:51.273Z - verbose: [36mverbose: [39mhttp hook loaded successfully.
2015-10-02T20:47:51.274Z - verbose: [36mverbose: [39mPreparing socket.io...
2015-10-02T20:47:51.298Z - verbose: [36mverbose: [39msockets hook loaded successfully.
2015-10-02T20:47:51.299Z - verbose: [36mverbose: [39mpluralize-only-rest-models hook loaded successfully.
2015-10-02T20:47:51.299Z - verbose: [36mverbose: [39mcron hook loaded successfully.
2015-10-02T20:47:51.409Z - verbose: [36mverbose: [39morm hook loaded successfully.
2015-10-02T20:47:51.410Z - verbose: [36mverbose: [39mBuilt-in hooks are ready.
2015-10-02T20:47:51.410Z - verbose: [36mverbose: [39mInstantiating registry...
2015-10-02T20:47:51.411Z - verbose: [36mverbose: [39mLoading router...
2015-10-02T20:47:51.413Z - silly: [31ms[39m[33mi[39m[32ml[39m[34ml[39m[35my[39m[31m:[39m Binding route ::  all /* (REQUEST HOOK: addMixins)
2015-10-02T20:47:51.417Z - silly: [31ms[39m[33mi[39m[32ml[39m[34ml[39m[35my[39m[31m:[39m Binding route ::  all /* (RESPONSES HOOK: addResponseMethods)
2015-10-02T20:47:51.419Z - verbose: [36mverbose: [39mPolicy-controller bindings complete!
2015-10-02T20:47:51.420Z - silly: [31ms[39m[33mi[39m[32ml[39m[34ml[39m[35my[39m[31m:[39m Binding route ::  all /* (CORS HOOK: clearHeaders)
2015-10-02T20:47:51.424Z - silly: [31ms[39m[33mi[39m[32ml[39m[34ml[39m[35my[39m[31m:[39m Binding route ::  get /__getcookie (SOCKETS HOOK)
2015-10-02T20:47:51.426Z - silly: [31ms[39m[33mi[39m[32ml[39m[34ml[39m[35my[39m[31m:[39m Binding action (signin) blueprint/shadow route for controller: auth
2015-10-02T20:47:51.427Z - silly: [31ms[39m[33mi[39m[32ml[39m[34ml[39m[35my[39m[31m:[39m Binding route ::   /v1/auth/signin/:id? (POLICY: alwaysAllow)
2015-10-02T20:47:51.427Z - silly: [31ms[39m[33mi[39m[32ml[39m[34ml[39m[35my[39m[31m:[39m Binding route ::   /v1/auth/signin/:id? (ACTION: auth/signin)
2015-10-02T20:47:51.428Z - silly: [31ms[39m[33mi[39m[32ml[39m[34ml[39m[35my[39m[31m:[39m Binding action (signup) blueprint/shadow route for controller: auth
2015-10-02T20:47:51.428Z - silly: [31ms[39m[33mi[39m[32ml[39m[34ml[39m[35my[39m[31m:[39m Binding route ::   /v1/auth/signup/:id? (POLICY: alwaysAllow)
2015-10-02T20:47:51.429Z - silly: [31ms[39m[33mi[39m[32ml[39m[34ml[39m[35my[39m[31m:[39m Binding route ::   /v1/auth/signup/:id? (ACTION: auth/signup)
2015-10-02T20:47:51.430Z - silly: [31ms[39m[33mi[39m[32ml[39m[34ml[39m[35my[39m[31m:[39m Binding action (social) blueprint/shadow route for controller: auth
2015-10-02T20:47:51.430Z - silly: [31ms[39m[33mi[39m[32ml[39m[34ml[39m[35my[39m[31m:[39m Binding route ::   /v1/auth/social/:id? (POLICY: alwaysAllow)
2015-10-02T20:47:51.431Z - silly: [31ms[39m[33mi[39m[32ml[39m[34ml[39m[35my[39m[31m:[39m Binding route ::   /v1/auth/social/:id? (ACTION: auth/social)
2015-10-02T20:47:51.431Z - silly: [31ms[39m[33mi[39m[32ml[39m[34ml[39m[35my[39m[31m:[39m Binding action (refresh_token) blueprint/shadow route for controller: auth
2015-10-02T20:47:51.432Z - silly: [31ms[39m[33mi[39m[32ml[39m[34ml[39m[35my[39m[31m:[39m Binding route ::   /v1/auth/refresh_token/:id? (POLICY: alwaysAllow)
2015-10-02T20:47:51.432Z - silly: [31ms[39m[33mi[39m[32ml[39m[34ml[39m[35my[39m[31m:[39m Binding route ::   /v1/auth/refresh_token/:id? (ACTION: auth/refresh_token)
2015-10-02T20:47:51.433Z - silly: [31ms[39m[33mi[39m[32ml[39m[34ml[39m[35my[39m[31m:[39m Binding action (identity) blueprint/shadow route for controller: auth
2015-10-02T20:47:51.434Z - silly: [31ms[39m[33mi[39m[32ml[39m[34ml[39m[35my[39m[31m:[39m Binding action (globalid) blueprint/shadow route for controller: auth
2015-10-02T20:47:51.434Z - silly: [31ms[39m[33mi[39m[32ml[39m[34ml[39m[35my[39m[31m:[39m Binding action (sails) blueprint/shadow route for controller: auth
2015-10-02T20:47:51.441Z - silly: [31ms[39m[33mi[39m[32ml[39m[34ml[39m[35my[39m[31m:[39m Binding action (index) blueprint/shadow route for controller: ping
2015-10-02T20:47:51.442Z - silly: [31ms[39m[33mi[39m[32ml[39m[34ml[39m[35my[39m[31m:[39m Binding route ::   /v1/ping/index/:id? (POLICY: alwaysAllow)
2015-10-02T20:47:51.443Z - silly: [31ms[39m[33mi[39m[32ml[39m[34ml[39m[35my[39m[31m:[39m Binding route ::   /v1/ping/index/:id? (ACTION: ping/index)
2015-10-02T20:47:51.443Z - silly: [31ms[39m[33mi[39m[32ml[39m[34ml[39m[35my[39m[31m:[39m Binding index blueprint/shadow route for controller: ping
2015-10-02T20:47:51.444Z - silly: [31ms[39m[33mi[39m[32ml[39m[34ml[39m[35my[39m[31m:[39m Binding route ::   /v1/ping (POLICY: alwaysAllow)
2015-10-02T20:47:51.444Z - silly: [31ms[39m[33mi[39m[32ml[39m[34ml[39m[35my[39m[31m:[39m Binding route ::   /v1/ping (ACTION: ping/index)
2015-10-02T20:47:51.445Z - silly: [31ms[39m[33mi[39m[32ml[39m[34ml[39m[35my[39m[31m:[39m Binding action (identity) blueprint/shadow route for controller: ping
2015-10-02T20:47:51.445Z - silly: [31ms[39m[33mi[39m[32ml[39m[34ml[39m[35my[39m[31m:[39m Binding action (globalid) blueprint/shadow route for controller: ping
2015-10-02T20:47:51.445Z - silly: [31ms[39m[33mi[39m[32ml[39m[34ml[39m[35my[39m[31m:[39m Binding action (sails) blueprint/shadow route for controller: ping
2015-10-02T20:47:51.449Z - silly: [31ms[39m[33mi[39m[32ml[39m[34ml[39m[35my[39m[31m:[39m Binding action (index) blueprint/shadow route for controller: search
2015-10-02T20:47:51.449Z - silly: [31ms[39m[33mi[39m[32ml[39m[34ml[39m[35my[39m[31m:[39m Binding route ::   /v1/search/index/:id? (POLICY: isAuthenticated)
2015-10-02T20:47:51.450Z - silly: [31ms[39m[33mi[39m[32ml[39m[34ml[39m[35my[39m[31m:[39m Binding route ::   /v1/search/index/:id? (ACTION: search/index)
2015-10-02T20:47:51.450Z - silly: [31ms[39m[33mi[39m[32ml[39m[34ml[39m[35my[39m[31m:[39m Binding index blueprint/shadow route for controller: search
2015-10-02T20:47:51.451Z - silly: [31ms[39m[33mi[39m[32ml[39m[34ml[39m[35my[39m[31m:[39m Binding route ::   /v1/search (POLICY: isAuthenticated)
2015-10-02T20:47:51.451Z - silly: [31ms[39m[33mi[39m[32ml[39m[34ml[39m[35my[39m[31m:[39m Binding route ::   /v1/search (ACTION: search/index)
2015-10-02T20:47:51.452Z - silly: [31ms[39m[33mi[39m[32ml[39m[34ml[39m[35my[39m[31m:[39m Binding action (identity) blueprint/shadow route for controller: search
2015-10-02T20:47:51.452Z - silly: [31ms[39m[33mi[39m[32ml[39m[34ml[39m[35my[39m[31m:[39m Binding action (globalid) blueprint/shadow route for controller: search
2015-10-02T20:47:51.452Z - silly: [31ms[39m[33mi[39m[32ml[39m[34ml[39m[35my[39m[31m:[39m Binding action (sails) blueprint/shadow route for controller: search
2015-10-02T20:47:51.458Z - silly: [31ms[39m[33mi[39m[32ml[39m[34ml[39m[35my[39m[31m:[39m Binding action (identity) blueprint/shadow route for controller: user
2015-10-02T20:47:51.460Z - silly: [31ms[39m[33mi[39m[32ml[39m[34ml[39m[35my[39m[31m:[39m Binding action (globalid) blueprint/shadow route for controller: user
2015-10-02T20:47:51.460Z - silly: [31ms[39m[33mi[39m[32ml[39m[34ml[39m[35my[39m[31m:[39m Binding action (sails) blueprint/shadow route for controller: user
2015-10-02T20:47:51.464Z - silly: [31ms[39m[33mi[39m[32ml[39m[34ml[39m[35my[39m[31m:[39m Binding RESTful blueprint/shadow routes for model+controller: user
2015-10-02T20:47:51.465Z - silly: [31ms[39m[33mi[39m[32ml[39m[34ml[39m[35my[39m[31m:[39m Binding route ::  get /v1/users (POLICY: isAuthenticated)
2015-10-02T20:47:51.465Z - silly: [31ms[39m[33mi[39m[32ml[39m[34ml[39m[35my[39m[31m:[39m Binding route ::  get /v1/users (BLUEPRINT: )
2015-10-02T20:47:51.466Z - silly: [31ms[39m[33mi[39m[32ml[39m[34ml[39m[35my[39m[31m:[39m Binding route ::  get /v1/users/:id (POLICY: isAuthenticated)
2015-10-02T20:47:51.466Z - silly: [31ms[39m[33mi[39m[32ml[39m[34ml[39m[35my[39m[31m:[39m Binding route ::  get /v1/users/:id (BLUEPRINT: )
2015-10-02T20:47:51.467Z - silly: [31ms[39m[33mi[39m[32ml[39m[34ml[39m[35my[39m[31m:[39m Binding route ::  post /v1/users (POLICY: isAuthenticated)
2015-10-02T20:47:51.467Z - silly: [31ms[39m[33mi[39m[32ml[39m[34ml[39m[35my[39m[31m:[39m Binding route ::  post /v1/users (BLUEPRINT: )
2015-10-02T20:47:51.468Z - silly: [31ms[39m[33mi[39m[32ml[39m[34ml[39m[35my[39m[31m:[39m Binding route ::  put /v1/users/:id (POLICY: isAuthenticated)
2015-10-02T20:47:51.468Z - silly: [31ms[39m[33mi[39m[32ml[39m[34ml[39m[35my[39m[31m:[39m Binding route ::  put /v1/users/:id (BLUEPRINT: )
2015-10-02T20:47:51.469Z - silly: [31ms[39m[33mi[39m[32ml[39m[34ml[39m[35my[39m[31m:[39m Binding route ::  post /v1/users/:id (POLICY: isAuthenticated)
2015-10-02T20:47:51.469Z - silly: [31ms[39m[33mi[39m[32ml[39m[34ml[39m[35my[39m[31m:[39m Binding route ::  post /v1/users/:id (BLUEPRINT: )
2015-10-02T20:47:51.470Z - silly: [31ms[39m[33mi[39m[32ml[39m[34ml[39m[35my[39m[31m:[39m Binding route ::  delete /v1/users/:id? (POLICY: isAuthenticated)
2015-10-02T20:47:51.470Z - silly: [31ms[39m[33mi[39m[32ml[39m[34ml[39m[35my[39m[31m:[39m Binding route ::  delete /v1/users/:id? (BLUEPRINT: )
2015-10-02T20:47:51.471Z - verbose: [36mverbose: [39mAll hooks were loaded successfully.
2015-10-02T20:47:51.471Z - verbose: [36mverbose: [39mStarting app at /Users/Ainur/gitRepo/PickLocker/API...
2015-10-02T20:47:51.472Z - verbose: [36mverbose: [39mRunning the setup logic in `sails.config.bootstrap(cb)`...
2015-10-02T20:47:51.477Z - info: [32minfo: [39m
2015-10-02T20:47:51.477Z - info: [32minfo: [39m               .-..-.
2015-10-02T20:47:51.477Z - info: [32minfo: [39m
2015-10-02T20:47:51.477Z - info: [32minfo: [39m   Sails              <|    .-..-.
2015-10-02T20:47:51.477Z - info: [32minfo: [39m   v0.11.2             |\
2015-10-02T20:47:51.478Z - info: [32minfo: [39m                      /|.\
2015-10-02T20:47:51.478Z - info: [32minfo: [39m                     / || \
2015-10-02T20:47:51.478Z - info: [32minfo: [39m                   ,'  |'  \
2015-10-02T20:47:51.478Z - info: [32minfo: [39m                .-'.-==|/_--'
2015-10-02T20:47:51.478Z - info: [32minfo: [39m                `--'-------' 
2015-10-02T20:47:51.478Z - info: [32minfo: [39m   __---___--___---___--___---___--___
2015-10-02T20:47:51.479Z - info: [32minfo: [39m ____---___--___---___--___---___--___-__
2015-10-02T20:47:51.479Z - info: [32minfo: [39m
2015-10-02T20:47:51.479Z - info: [32minfo: [39mServer lifted in `/Users/Ainur/gitRepo/PickLocker/API`
2015-10-02T20:47:51.479Z - info: [32minfo: [39mTo see your app, visit [4mhttp://localhost:3000[24m
2015-10-02T20:47:51.480Z - info: [32minfo: [39mTo shut down Sails, press <CTRL> + C at any time.
2015-10-02T20:47:51.480Z - debug: [34mdebug: [39m[90m--------------------------------------------------------[39m
2015-10-02T20:47:51.480Z - debug: [34mdebug: [39m[90m:: Fri Oct 02 2015 22:47:51 GMT+0200 (CEST)[39m
2015-10-02T20:47:51.481Z - debug: [34mdebug: [39mEnvironment : development
2015-10-02T20:47:51.481Z - debug: [34mdebug: [39mPort        : 3000
2015-10-02T20:47:51.481Z - debug: [34mdebug: [39m[90m--------------------------------------------------------[39m
2015-10-02T20:47:51.305Z - verbose: [36mverbose: [39mLoading adapter ( sails-disk ) for account  from `node_modules` directory...
2015-10-02T20:47:51.358Z - verbose: [36mverbose: [39mStarting ORM...
2015-10-02T20:47:51.358Z - silly: [31ms[39m[33mi[39m[32ml[39m[34ml[39m[35my[39m[31m:[39m Registering model `account` in Waterline (ORM)
2015-10-02T20:47:51.359Z - silly: [31ms[39m[33mi[39m[32ml[39m[34ml[39m[35my[39m[31m:[39m Registering model `user` in Waterline (ORM)
2015-10-02T20:48:37.948Z - verbose: [36mverbose: [39mLowering sails...
2015-10-02T20:48:37.951Z - verbose: [36mverbose: [39mShutting down socket server...
2015-10-02T20:48:37.952Z - verbose: [36mverbose: [39mShutting down HTTP server...
2015-10-02T20:48:44.874Z - verbose: [36mverbose: [39mlogger hook loaded successfully.
2015-10-02T20:48:44.875Z - verbose: [36mverbose: [39mrequest hook loaded successfully.
2015-10-02T20:48:44.876Z - verbose: [36mverbose: [39mLoading the app's models and adapters...
2015-10-02T20:48:44.876Z - verbose: [36mverbose: [39mLoading app models...
2015-10-02T20:48:44.879Z - verbose: [36mverbose: [39mLoading app adapters...
2015-10-02T20:48:44.880Z - verbose: [36mverbose: [39mLoading blueprint middleware...
2015-10-02T20:48:44.944Z - verbose: [36mverbose: [39mblueprints hook loaded successfully.
2015-10-02T20:48:44.944Z - verbose: [36mverbose: [39mresponses hook loaded successfully.
2015-10-02T20:48:44.949Z - verbose: [36mverbose: [39mcontrollers hook loaded successfully.
2015-10-02T20:48:44.951Z - verbose: [36mverbose: [39mLoading policy modules from app...
2015-10-02T20:48:44.953Z - verbose: [36mverbose: [39mFinished loading policy middleware logic.
2015-10-02T20:48:44.953Z - verbose: [36mverbose: [39mpolicies hook loaded successfully.
2015-10-02T20:48:44.953Z - verbose: [36mverbose: [39mservices hook loaded successfully.
2015-10-02T20:48:44.954Z - verbose: [36mverbose: [39mcors hook loaded successfully.
2015-10-02T20:48:45.069Z - verbose: [36mverbose: [39mhttp hook loaded successfully.
2015-10-02T20:48:45.070Z - verbose: [36mverbose: [39mPreparing socket.io...
2015-10-02T20:48:45.096Z - verbose: [36mverbose: [39msockets hook loaded successfully.
2015-10-02T20:48:45.097Z - verbose: [36mverbose: [39mpluralize-only-rest-models hook loaded successfully.
2015-10-02T20:48:45.097Z - verbose: [36mverbose: [39mcron hook loaded successfully.
2015-10-02T20:48:45.211Z - verbose: [36mverbose: [39morm hook loaded successfully.
2015-10-02T20:48:45.212Z - verbose: [36mverbose: [39mBuilt-in hooks are ready.
2015-10-02T20:48:45.212Z - verbose: [36mverbose: [39mInstantiating registry...
2015-10-02T20:48:45.213Z - verbose: [36mverbose: [39mLoading router...
2015-10-02T20:48:45.215Z - silly: [31ms[39m[33mi[39m[32ml[39m[34ml[39m[35my[39m[31m:[39m Binding route ::  all /* (REQUEST HOOK: addMixins)
2015-10-02T20:48:45.219Z - silly: [31ms[39m[33mi[39m[32ml[39m[34ml[39m[35my[39m[31m:[39m Binding route ::  all /* (RESPONSES HOOK: addResponseMethods)
2015-10-02T20:48:45.222Z - verbose: [36mverbose: [39mPolicy-controller bindings complete!
2015-10-02T20:48:45.222Z - silly: [31ms[39m[33mi[39m[32ml[39m[34ml[39m[35my[39m[31m:[39m Binding route ::  all /* (CORS HOOK: clearHeaders)
2015-10-02T20:48:45.226Z - silly: [31ms[39m[33mi[39m[32ml[39m[34ml[39m[35my[39m[31m:[39m Binding route ::  get /__getcookie (SOCKETS HOOK)
2015-10-02T20:48:45.228Z - silly: [31ms[39m[33mi[39m[32ml[39m[34ml[39m[35my[39m[31m:[39m Binding action (signin) blueprint/shadow route for controller: auth
2015-10-02T20:48:45.229Z - silly: [31ms[39m[33mi[39m[32ml[39m[34ml[39m[35my[39m[31m:[39m Binding route ::   /v1/auth/signin/:id? (POLICY: alwaysAllow)
2015-10-02T20:48:45.230Z - silly: [31ms[39m[33mi[39m[32ml[39m[34ml[39m[35my[39m[31m:[39m Binding route ::   /v1/auth/signin/:id? (ACTION: auth/signin)
2015-10-02T20:48:45.232Z - silly: [31ms[39m[33mi[39m[32ml[39m[34ml[39m[35my[39m[31m:[39m Binding action (signup) blueprint/shadow route for controller: auth
2015-10-02T20:48:45.232Z - silly: [31ms[39m[33mi[39m[32ml[39m[34ml[39m[35my[39m[31m:[39m Binding route ::   /v1/auth/signup/:id? (POLICY: alwaysAllow)
2015-10-02T20:48:45.233Z - silly: [31ms[39m[33mi[39m[32ml[39m[34ml[39m[35my[39m[31m:[39m Binding route ::   /v1/auth/signup/:id? (ACTION: auth/signup)
2015-10-02T20:48:45.234Z - silly: [31ms[39m[33mi[39m[32ml[39m[34ml[39m[35my[39m[31m:[39m Binding action (social) blueprint/shadow route for controller: auth
2015-10-02T20:48:45.234Z - silly: [31ms[39m[33mi[39m[32ml[39m[34ml[39m[35my[39m[31m:[39m Binding route ::   /v1/auth/social/:id? (POLICY: alwaysAllow)
2015-10-02T20:48:45.235Z - silly: [31ms[39m[33mi[39m[32ml[39m[34ml[39m[35my[39m[31m:[39m Binding route ::   /v1/auth/social/:id? (ACTION: auth/social)
2015-10-02T20:48:45.236Z - silly: [31ms[39m[33mi[39m[32ml[39m[34ml[39m[35my[39m[31m:[39m Binding action (refresh_token) blueprint/shadow route for controller: auth
2015-10-02T20:48:45.236Z - silly: [31ms[39m[33mi[39m[32ml[39m[34ml[39m[35my[39m[31m:[39m Binding route ::   /v1/auth/refresh_token/:id? (POLICY: alwaysAllow)
2015-10-02T20:48:45.237Z - silly: [31ms[39m[33mi[39m[32ml[39m[34ml[39m[35my[39m[31m:[39m Binding route ::   /v1/auth/refresh_token/:id? (ACTION: auth/refresh_token)
2015-10-02T20:48:45.238Z - silly: [31ms[39m[33mi[39m[32ml[39m[34ml[39m[35my[39m[31m:[39m Binding action (identity) blueprint/shadow route for controller: auth
2015-10-02T20:48:45.239Z - silly: [31ms[39m[33mi[39m[32ml[39m[34ml[39m[35my[39m[31m:[39m Binding action (globalid) blueprint/shadow route for controller: auth
2015-10-02T20:48:45.239Z - silly: [31ms[39m[33mi[39m[32ml[39m[34ml[39m[35my[39m[31m:[39m Binding action (sails) blueprint/shadow route for controller: auth
2015-10-02T20:48:45.246Z - silly: [31ms[39m[33mi[39m[32ml[39m[34ml[39m[35my[39m[31m:[39m Binding action (index) blueprint/shadow route for controller: ping
2015-10-02T20:48:45.247Z - silly: [31ms[39m[33mi[39m[32ml[39m[34ml[39m[35my[39m[31m:[39m Binding route ::   /v1/ping/index/:id? (POLICY: alwaysAllow)
2015-10-02T20:48:45.248Z - silly: [31ms[39m[33mi[39m[32ml[39m[34ml[39m[35my[39m[31m:[39m Binding route ::   /v1/ping/index/:id? (ACTION: ping/index)
2015-10-02T20:48:45.249Z - silly: [31ms[39m[33mi[39m[32ml[39m[34ml[39m[35my[39m[31m:[39m Binding index blueprint/shadow route for controller: ping
2015-10-02T20:48:45.250Z - silly: [31ms[39m[33mi[39m[32ml[39m[34ml[39m[35my[39m[31m:[39m Binding route ::   /v1/ping (POLICY: alwaysAllow)
2015-10-02T20:48:45.251Z - silly: [31ms[39m[33mi[39m[32ml[39m[34ml[39m[35my[39m[31m:[39m Binding route ::   /v1/ping (ACTION: ping/index)
2015-10-02T20:48:45.251Z - silly: [31ms[39m[33mi[39m[32ml[39m[34ml[39m[35my[39m[31m:[39m Binding action (identity) blueprint/shadow route for controller: ping
2015-10-02T20:48:45.252Z - silly: [31ms[39m[33mi[39m[32ml[39m[34ml[39m[35my[39m[31m:[39m Binding action (globalid) blueprint/shadow route for controller: ping
2015-10-02T20:48:45.252Z - silly: [31ms[39m[33mi[39m[32ml[39m[34ml[39m[35my[39m[31m:[39m Binding action (sails) blueprint/shadow route for controller: ping
2015-10-02T20:48:45.256Z - silly: [31ms[39m[33mi[39m[32ml[39m[34ml[39m[35my[39m[31m:[39m Binding action (index) blueprint/shadow route for controller: search
2015-10-02T20:48:45.256Z - silly: [31ms[39m[33mi[39m[32ml[39m[34ml[39m[35my[39m[31m:[39m Binding route ::   /v1/search/index/:id? (POLICY: isAuthenticated)
2015-10-02T20:48:45.257Z - silly: [31ms[39m[33mi[39m[32ml[39m[34ml[39m[35my[39m[31m:[39m Binding route ::   /v1/search/index/:id? (ACTION: search/index)
2015-10-02T20:48:45.258Z - silly: [31ms[39m[33mi[39m[32ml[39m[34ml[39m[35my[39m[31m:[39m Binding index blueprint/shadow route for controller: search
2015-10-02T20:48:45.258Z - silly: [31ms[39m[33mi[39m[32ml[39m[34ml[39m[35my[39m[31m:[39m Binding route ::   /v1/search (POLICY: isAuthenticated)
2015-10-02T20:48:45.258Z - silly: [31ms[39m[33mi[39m[32ml[39m[34ml[39m[35my[39m[31m:[39m Binding route ::   /v1/search (ACTION: search/index)
2015-10-02T20:48:45.259Z - silly: [31ms[39m[33mi[39m[32ml[39m[34ml[39m[35my[39m[31m:[39m Binding action (identity) blueprint/shadow route for controller: search
2015-10-02T20:48:45.260Z - silly: [31ms[39m[33mi[39m[32ml[39m[34ml[39m[35my[39m[31m:[39m Binding action (globalid) blueprint/shadow route for controller: search
2015-10-02T20:48:45.260Z - silly: [31ms[39m[33mi[39m[32ml[39m[34ml[39m[35my[39m[31m:[39m Binding action (sails) blueprint/shadow route for controller: search
2015-10-02T20:48:45.269Z - silly: [31ms[39m[33mi[39m[32ml[39m[34ml[39m[35my[39m[31m:[39m Binding action (identity) blueprint/shadow route for controller: user
2015-10-02T20:48:45.270Z - silly: [31ms[39m[33mi[39m[32ml[39m[34ml[39m[35my[39m[31m:[39m Binding action (globalid) blueprint/shadow route for controller: user
2015-10-02T20:48:45.271Z - silly: [31ms[39m[33mi[39m[32ml[39m[34ml[39m[35my[39m[31m:[39m Binding action (sails) blueprint/shadow route for controller: user
2015-10-02T20:48:45.276Z - silly: [31ms[39m[33mi[39m[32ml[39m[34ml[39m[35my[39m[31m:[39m Binding RESTful blueprint/shadow routes for model+controller: user
2015-10-02T20:48:45.277Z - silly: [31ms[39m[33mi[39m[32ml[39m[34ml[39m[35my[39m[31m:[39m Binding route ::  get /v1/users (POLICY: isAuthenticated)
2015-10-02T20:48:45.277Z - silly: [31ms[39m[33mi[39m[32ml[39m[34ml[39m[35my[39m[31m:[39m Binding route ::  get /v1/users (BLUEPRINT: )
2015-10-02T20:48:45.278Z - silly: [31ms[39m[33mi[39m[32ml[39m[34ml[39m[35my[39m[31m:[39m Binding route ::  get /v1/users/:id (POLICY: isAuthenticated)
2015-10-02T20:48:45.279Z - silly: [31ms[39m[33mi[39m[32ml[39m[34ml[39m[35my[39m[31m:[39m Binding route ::  get /v1/users/:id (BLUEPRINT: )
2015-10-02T20:48:45.279Z - silly: [31ms[39m[33mi[39m[32ml[39m[34ml[39m[35my[39m[31m:[39m Binding route ::  post /v1/users (POLICY: isAuthenticated)
2015-10-02T20:48:45.280Z - silly: [31ms[39m[33mi[39m[32ml[39m[34ml[39m[35my[39m[31m:[39m Binding route ::  post /v1/users (BLUEPRINT: )
2015-10-02T20:48:45.280Z - silly: [31ms[39m[33mi[39m[32ml[39m[34ml[39m[35my[39m[31m:[39m Binding route ::  put /v1/users/:id (POLICY: isAuthenticated)
2015-10-02T20:48:45.281Z - silly: [31ms[39m[33mi[39m[32ml[39m[34ml[39m[35my[39m[31m:[39m Binding route ::  put /v1/users/:id (BLUEPRINT: )
2015-10-02T20:48:45.281Z - silly: [31ms[39m[33mi[39m[32ml[39m[34ml[39m[35my[39m[31m:[39m Binding route ::  post /v1/users/:id (POLICY: isAuthenticated)
2015-10-02T20:48:45.282Z - silly: [31ms[39m[33mi[39m[32ml[39m[34ml[39m[35my[39m[31m:[39m Binding route ::  post /v1/users/:id (BLUEPRINT: )
2015-10-02T20:48:45.282Z - silly: [31ms[39m[33mi[39m[32ml[39m[34ml[39m[35my[39m[31m:[39m Binding route ::  delete /v1/users/:id? (POLICY: isAuthenticated)
2015-10-02T20:48:45.283Z - silly: [31ms[39m[33mi[39m[32ml[39m[34ml[39m[35my[39m[31m:[39m Binding route ::  delete /v1/users/:id? (BLUEPRINT: )
2015-10-02T20:48:45.284Z - verbose: [36mverbose: [39mAll hooks were loaded successfully.
2015-10-02T20:48:45.284Z - verbose: [36mverbose: [39mStarting app at /Users/Ainur/gitRepo/PickLocker/API...
2015-10-02T20:48:45.285Z - verbose: [36mverbose: [39mRunning the setup logic in `sails.config.bootstrap(cb)`...
2015-10-02T20:48:45.290Z - info: [32minfo: [39m
2015-10-02T20:48:45.290Z - info: [32minfo: [39m               .-..-.
2015-10-02T20:48:45.290Z - info: [32minfo: [39m
2015-10-02T20:48:45.291Z - info: [32minfo: [39m   Sails              <|    .-..-.
2015-10-02T20:48:45.291Z - info: [32minfo: [39m   v0.11.2             |\
2015-10-02T20:48:45.291Z - info: [32minfo: [39m                      /|.\
2015-10-02T20:48:45.291Z - info: [32minfo: [39m                     / || \
2015-10-02T20:48:45.291Z - info: [32minfo: [39m                   ,'  |'  \
2015-10-02T20:48:45.292Z - info: [32minfo: [39m                .-'.-==|/_--'
2015-10-02T20:48:45.292Z - info: [32minfo: [39m                `--'-------' 
2015-10-02T20:48:45.292Z - info: [32minfo: [39m   __---___--___---___--___---___--___
2015-10-02T20:48:45.292Z - info: [32minfo: [39m ____---___--___---___--___---___--___-__
2015-10-02T20:48:45.292Z - info: [32minfo: [39m
2015-10-02T20:48:45.293Z - info: [32minfo: [39mServer lifted in `/Users/Ainur/gitRepo/PickLocker/API`
2015-10-02T20:48:45.293Z - info: [32minfo: [39mTo see your app, visit [4mhttp://localhost:3000[24m
2015-10-02T20:48:45.293Z - info: [32minfo: [39mTo shut down Sails, press <CTRL> + C at any time.
2015-10-02T20:48:45.294Z - debug: [34mdebug: [39m[90m--------------------------------------------------------[39m
2015-10-02T20:48:45.295Z - debug: [34mdebug: [39m[90m:: Fri Oct 02 2015 22:48:45 GMT+0200 (CEST)[39m
2015-10-02T20:48:45.295Z - debug: [34mdebug: [39mEnvironment : development
2015-10-02T20:48:45.295Z - debug: [34mdebug: [39mPort        : 3000
2015-10-02T20:48:45.296Z - debug: [34mdebug: [39m[90m--------------------------------------------------------[39m
2015-10-02T20:48:58.762Z - verbose: [36mverbose: [39mLowering sails...
2015-10-02T20:48:58.764Z - verbose: [36mverbose: [39mShutting down socket server...
2015-10-02T20:48:58.765Z - verbose: [36mverbose: [39mShutting down HTTP server...
2015-10-02T20:50:23.392Z - verbose: [36mverbose: [39mlogger hook loaded successfully.
2015-10-02T20:50:23.393Z - verbose: [36mverbose: [39mrequest hook loaded successfully.
2015-10-02T20:50:23.394Z - verbose: [36mverbose: [39mLoading the app's models and adapters...
2015-10-02T20:50:23.394Z - verbose: [36mverbose: [39mLoading app models...
2015-10-02T20:50:23.398Z - verbose: [36mverbose: [39mLoading app adapters...
2015-10-02T20:50:23.399Z - verbose: [36mverbose: [39mLoading blueprint middleware...
2015-10-02T20:50:23.465Z - verbose: [36mverbose: [39mblueprints hook loaded successfully.
2015-10-02T20:50:23.466Z - verbose: [36mverbose: [39mresponses hook loaded successfully.
2015-10-02T20:50:23.470Z - verbose: [36mverbose: [39mcontrollers hook loaded successfully.
2015-10-02T20:50:23.473Z - verbose: [36mverbose: [39mLoading policy modules from app...
2015-10-02T20:50:23.476Z - verbose: [36mverbose: [39mFinished loading policy middleware logic.
2015-10-02T20:50:23.476Z - verbose: [36mverbose: [39mpolicies hook loaded successfully.
2015-10-02T20:50:23.476Z - verbose: [36mverbose: [39mservices hook loaded successfully.
2015-10-02T20:50:23.477Z - verbose: [36mverbose: [39mcors hook loaded successfully.
2015-10-02T20:50:23.596Z - verbose: [36mverbose: [39mhttp hook loaded successfully.
2015-10-02T20:50:23.597Z - verbose: [36mverbose: [39mPreparing socket.io...
2015-10-02T20:50:23.621Z - verbose: [36mverbose: [39msockets hook loaded successfully.
2015-10-02T20:50:23.621Z - verbose: [36mverbose: [39mpluralize-only-rest-models hook loaded successfully.
2015-10-02T20:50:23.621Z - verbose: [36mverbose: [39mcron hook loaded successfully.
2015-10-02T20:50:23.732Z - verbose: [36mverbose: [39morm hook loaded successfully.
2015-10-02T20:50:23.733Z - verbose: [36mverbose: [39mBuilt-in hooks are ready.
2015-10-02T20:50:23.733Z - verbose: [36mverbose: [39mInstantiating registry...
2015-10-02T20:50:23.734Z - verbose: [36mverbose: [39mLoading router...
2015-10-02T20:50:23.736Z - silly: [31ms[39m[33mi[39m[32ml[39m[34ml[39m[35my[39m[31m:[39m Binding route ::  all /* (REQUEST HOOK: addMixins)
2015-10-02T20:50:23.740Z - silly: [31ms[39m[33mi[39m[32ml[39m[34ml[39m[35my[39m[31m:[39m Binding route ::  all /* (RESPONSES HOOK: addResponseMethods)
2015-10-02T20:50:23.743Z - verbose: [36mverbose: [39mPolicy-controller bindings complete!
2015-10-02T20:50:23.744Z - silly: [31ms[39m[33mi[39m[32ml[39m[34ml[39m[35my[39m[31m:[39m Binding route ::  all /* (CORS HOOK: clearHeaders)
2015-10-02T20:50:23.747Z - silly: [31ms[39m[33mi[39m[32ml[39m[34ml[39m[35my[39m[31m:[39m Binding route ::  get /__getcookie (SOCKETS HOOK)
2015-10-02T20:50:23.749Z - silly: [31ms[39m[33mi[39m[32ml[39m[34ml[39m[35my[39m[31m:[39m Binding action (signin) blueprint/shadow route for controller: auth
2015-10-02T20:50:23.750Z - silly: [31ms[39m[33mi[39m[32ml[39m[34ml[39m[35my[39m[31m:[39m Binding route ::   /v1/auth/signin/:id? (POLICY: alwaysAllow)
2015-10-02T20:50:23.750Z - silly: [31ms[39m[33mi[39m[32ml[39m[34ml[39m[35my[39m[31m:[39m Binding route ::   /v1/auth/signin/:id? (ACTION: auth/signin)
2015-10-02T20:50:23.751Z - silly: [31ms[39m[33mi[39m[32ml[39m[34ml[39m[35my[39m[31m:[39m Binding action (signup) blueprint/shadow route for controller: auth
2015-10-02T20:50:23.751Z - silly: [31ms[39m[33mi[39m[32ml[39m[34ml[39m[35my[39m[31m:[39m Binding route ::   /v1/auth/signup/:id? (POLICY: alwaysAllow)
2015-10-02T20:50:23.752Z - silly: [31ms[39m[33mi[39m[32ml[39m[34ml[39m[35my[39m[31m:[39m Binding route ::   /v1/auth/signup/:id? (ACTION: auth/signup)
2015-10-02T20:50:23.753Z - silly: [31ms[39m[33mi[39m[32ml[39m[34ml[39m[35my[39m[31m:[39m Binding action (social) blueprint/shadow route for controller: auth
2015-10-02T20:50:23.753Z - silly: [31ms[39m[33mi[39m[32ml[39m[34ml[39m[35my[39m[31m:[39m Binding route ::   /v1/auth/social/:id? (POLICY: alwaysAllow)
2015-10-02T20:50:23.754Z - silly: [31ms[39m[33mi[39m[32ml[39m[34ml[39m[35my[39m[31m:[39m Binding route ::   /v1/auth/social/:id? (ACTION: auth/social)
2015-10-02T20:50:23.754Z - silly: [31ms[39m[33mi[39m[32ml[39m[34ml[39m[35my[39m[31m:[39m Binding action (refresh_token) blueprint/shadow route for controller: auth
2015-10-02T20:50:23.755Z - silly: [31ms[39m[33mi[39m[32ml[39m[34ml[39m[35my[39m[31m:[39m Binding route ::   /v1/auth/refresh_token/:id? (POLICY: alwaysAllow)
2015-10-02T20:50:23.756Z - silly: [31ms[39m[33mi[39m[32ml[39m[34ml[39m[35my[39m[31m:[39m Binding route ::   /v1/auth/refresh_token/:id? (ACTION: auth/refresh_token)
2015-10-02T20:50:23.757Z - silly: [31ms[39m[33mi[39m[32ml[39m[34ml[39m[35my[39m[31m:[39m Binding action (identity) blueprint/shadow route for controller: auth
2015-10-02T20:50:23.758Z - silly: [31ms[39m[33mi[39m[32ml[39m[34ml[39m[35my[39m[31m:[39m Binding action (globalid) blueprint/shadow route for controller: auth
2015-10-02T20:50:23.758Z - silly: [31ms[39m[33mi[39m[32ml[39m[34ml[39m[35my[39m[31m:[39m Binding action (sails) blueprint/shadow route for controller: auth
2015-10-02T20:50:23.764Z - silly: [31ms[39m[33mi[39m[32ml[39m[34ml[39m[35my[39m[31m:[39m Binding action (index) blueprint/shadow route for controller: ping
2015-10-02T20:50:23.765Z - silly: [31ms[39m[33mi[39m[32ml[39m[34ml[39m[35my[39m[31m:[39m Binding route ::   /v1/ping/index/:id? (POLICY: alwaysAllow)
2015-10-02T20:50:23.766Z - silly: [31ms[39m[33mi[39m[32ml[39m[34ml[39m[35my[39m[31m:[39m Binding route ::   /v1/ping/index/:id? (ACTION: ping/index)
2015-10-02T20:50:23.767Z - silly: [31ms[39m[33mi[39m[32ml[39m[34ml[39m[35my[39m[31m:[39m Binding index blueprint/shadow route for controller: ping
2015-10-02T20:50:23.767Z - silly: [31ms[39m[33mi[39m[32ml[39m[34ml[39m[35my[39m[31m:[39m Binding route ::   /v1/ping (POLICY: alwaysAllow)
2015-10-02T20:50:23.767Z - silly: [31ms[39m[33mi[39m[32ml[39m[34ml[39m[35my[39m[31m:[39m Binding route ::   /v1/ping (ACTION: ping/index)
2015-10-02T20:50:23.768Z - silly: [31ms[39m[33mi[39m[32ml[39m[34ml[39m[35my[39m[31m:[39m Binding action (identity) blueprint/shadow route for controller: ping
2015-10-02T20:50:23.768Z - silly: [31ms[39m[33mi[39m[32ml[39m[34ml[39m[35my[39m[31m:[39m Binding action (globalid) blueprint/shadow route for controller: ping
2015-10-02T20:50:23.769Z - silly: [31ms[39m[33mi[39m[32ml[39m[34ml[39m[35my[39m[31m:[39m Binding action (sails) blueprint/shadow route for controller: ping
2015-10-02T20:50:23.772Z - silly: [31ms[39m[33mi[39m[32ml[39m[34ml[39m[35my[39m[31m:[39m Binding action (index) blueprint/shadow route for controller: search
2015-10-02T20:50:23.773Z - silly: [31ms[39m[33mi[39m[32ml[39m[34ml[39m[35my[39m[31m:[39m Binding route ::   /v1/search/index/:id? (POLICY: isAuthenticated)
2015-10-02T20:50:23.773Z - silly: [31ms[39m[33mi[39m[32ml[39m[34ml[39m[35my[39m[31m:[39m Binding route ::   /v1/search/index/:id? (ACTION: search/index)
2015-10-02T20:50:23.774Z - silly: [31ms[39m[33mi[39m[32ml[39m[34ml[39m[35my[39m[31m:[39m Binding index blueprint/shadow route for controller: search
2015-10-02T20:50:23.774Z - silly: [31ms[39m[33mi[39m[32ml[39m[34ml[39m[35my[39m[31m:[39m Binding route ::   /v1/search (POLICY: isAuthenticated)
2015-10-02T20:50:23.775Z - silly: [31ms[39m[33mi[39m[32ml[39m[34ml[39m[35my[39m[31m:[39m Binding route ::   /v1/search (ACTION: search/index)
2015-10-02T20:50:23.776Z - silly: [31ms[39m[33mi[39m[32ml[39m[34ml[39m[35my[39m[31m:[39m Binding action (identity) blueprint/shadow route for controller: search
2015-10-02T20:50:23.776Z - silly: [31ms[39m[33mi[39m[32ml[39m[34ml[39m[35my[39m[31m:[39m Binding action (globalid) blueprint/shadow route for controller: search
2015-10-02T20:50:23.776Z - silly: [31ms[39m[33mi[39m[32ml[39m[34ml[39m[35my[39m[31m:[39m Binding action (sails) blueprint/shadow route for controller: search
2015-10-02T20:50:23.782Z - silly: [31ms[39m[33mi[39m[32ml[39m[34ml[39m[35my[39m[31m:[39m Binding action (identity) blueprint/shadow route for controller: user
2015-10-02T20:50:23.783Z - silly: [31ms[39m[33mi[39m[32ml[39m[34ml[39m[35my[39m[31m:[39m Binding action (globalid) blueprint/shadow route for controller: user
2015-10-02T20:50:23.783Z - silly: [31ms[39m[33mi[39m[32ml[39m[34ml[39m[35my[39m[31m:[39m Binding action (sails) blueprint/shadow route for controller: user
2015-10-02T20:50:23.788Z - silly: [31ms[39m[33mi[39m[32ml[39m[34ml[39m[35my[39m[31m:[39m Binding RESTful blueprint/shadow routes for model+controller: user
2015-10-02T20:50:23.789Z - silly: [31ms[39m[33mi[39m[32ml[39m[34ml[39m[35my[39m[31m:[39m Binding route ::  get /v1/users (POLICY: isAuthenticated)
2015-10-02T20:50:23.790Z - silly: [31ms[39m[33mi[39m[32ml[39m[34ml[39m[35my[39m[31m:[39m Binding route ::  get /v1/users (BLUEPRINT: )
2015-10-02T20:50:23.790Z - silly: [31ms[39m[33mi[39m[32ml[39m[34ml[39m[35my[39m[31m:[39m Binding route ::  get /v1/users/:id (POLICY: isAuthenticated)
2015-10-02T20:50:23.791Z - silly: [31ms[39m[33mi[39m[32ml[39m[34ml[39m[35my[39m[31m:[39m Binding route ::  get /v1/users/:id (BLUEPRINT: )
2015-10-02T20:50:23.791Z - silly: [31ms[39m[33mi[39m[32ml[39m[34ml[39m[35my[39m[31m:[39m Binding route ::  post /v1/users (POLICY: isAuthenticated)
2015-10-02T20:50:23.792Z - silly: [31ms[39m[33mi[39m[32ml[39m[34ml[39m[35my[39m[31m:[39m Binding route ::  post /v1/users (BLUEPRINT: )
2015-10-02T20:50:23.792Z - silly: [31ms[39m[33mi[39m[32ml[39m[34ml[39m[35my[39m[31m:[39m Binding route ::  put /v1/users/:id (POLICY: isAuthenticated)
2015-10-02T20:50:23.792Z - silly: [31ms[39m[33mi[39m[32ml[39m[34ml[39m[35my[39m[31m:[39m Binding route ::  put /v1/users/:id (BLUEPRINT: )
2015-10-02T20:50:23.793Z - silly: [31ms[39m[33mi[39m[32ml[39m[34ml[39m[35my[39m[31m:[39m Binding route ::  post /v1/users/:id (POLICY: isAuthenticated)
2015-10-02T20:50:23.793Z - silly: [31ms[39m[33mi[39m[32ml[39m[34ml[39m[35my[39m[31m:[39m Binding route ::  post /v1/users/:id (BLUEPRINT: )
2015-10-02T20:50:23.794Z - silly: [31ms[39m[33mi[39m[32ml[39m[34ml[39m[35my[39m[31m:[39m Binding route ::  delete /v1/users/:id? (POLICY: isAuthenticated)
2015-10-02T20:50:23.794Z - silly: [31ms[39m[33mi[39m[32ml[39m[34ml[39m[35my[39m[31m:[39m Binding route ::  delete /v1/users/:id? (BLUEPRINT: )
2015-10-02T20:50:23.795Z - verbose: [36mverbose: [39mAll hooks were loaded successfully.
2015-10-02T20:50:23.796Z - verbose: [36mverbose: [39mStarting app at /Users/Ainur/gitRepo/PickLocker/API...
2015-10-02T20:50:23.796Z - verbose: [36mverbose: [39mRunning the setup logic in `sails.config.bootstrap(cb)`...
2015-10-02T20:50:23.800Z - info: [32minfo: [39m
2015-10-02T20:50:23.801Z - info: [32minfo: [39m               .-..-.
2015-10-02T20:50:23.801Z - info: [32minfo: [39m
2015-10-02T20:50:23.801Z - info: [32minfo: [39m   Sails              <|    .-..-.
2015-10-02T20:50:23.801Z - info: [32minfo: [39m   v0.11.2             |\
2015-10-02T20:50:23.801Z - info: [32minfo: [39m                      /|.\
2015-10-02T20:50:23.801Z - info: [32minfo: [39m                     / || \
2015-10-02T20:50:23.802Z - info: [32minfo: [39m                   ,'  |'  \
2015-10-02T20:50:23.802Z - info: [32minfo: [39m                .-'.-==|/_--'
2015-10-02T20:50:23.802Z - info: [32minfo: [39m                `--'-------' 
2015-10-02T20:50:23.802Z - info: [32minfo: [39m   __---___--___---___--___---___--___
2015-10-02T20:50:23.802Z - info: [32minfo: [39m ____---___--___---___--___---___--___-__
2015-10-02T20:50:23.802Z - info: [32minfo: [39m
2015-10-02T20:50:23.803Z - info: [32minfo: [39mServer lifted in `/Users/Ainur/gitRepo/PickLocker/API`
2015-10-02T20:50:23.803Z - info: [32minfo: [39mTo see your app, visit [4mhttp://localhost:3000[24m
2015-10-02T20:50:23.803Z - info: [32minfo: [39mTo shut down Sails, press <CTRL> + C at any time.
2015-10-02T20:50:23.803Z - debug: [34mdebug: [39m[90m--------------------------------------------------------[39m
2015-10-02T20:50:23.804Z - debug: [34mdebug: [39m[90m:: Fri Oct 02 2015 22:50:23 GMT+0200 (CEST)[39m
2015-10-02T20:50:23.804Z - debug: [34mdebug: [39mEnvironment : development
2015-10-02T20:50:23.804Z - debug: [34mdebug: [39mPort        : 3000
2015-10-02T20:50:23.805Z - debug: [34mdebug: [39m[90m--------------------------------------------------------[39m
2015-10-02T20:50:23.627Z - verbose: [36mverbose: [39mLoading adapter ( sails-disk ) for account  from `node_modules` directory...
2015-10-02T20:50:23.681Z - verbose: [36mverbose: [39mStarting ORM...
2015-10-02T20:50:23.682Z - silly: [31ms[39m[33mi[39m[32ml[39m[34ml[39m[35my[39m[31m:[39m Registering model `account` in Waterline (ORM)
2015-10-02T20:50:23.682Z - silly: [31ms[39m[33mi[39m[32ml[39m[34ml[39m[35my[39m[31m:[39m Registering model `user` in Waterline (ORM)
2015-10-02T21:19:18.281Z - verbose: [36mverbose: [39mLowering sails...
2015-10-02T21:19:18.286Z - verbose: [36mverbose: [39mShutting down socket server...
2015-10-02T21:19:18.287Z - verbose: [36mverbose: [39mShutting down HTTP server...
2015-10-02T21:22:17.192Z - verbose: [36mverbose: [39mlogger hook loaded successfully.
2015-10-02T21:22:17.193Z - verbose: [36mverbose: [39mrequest hook loaded successfully.
2015-10-02T21:22:17.194Z - verbose: [36mverbose: [39mLoading the app's models and adapters...
2015-10-02T21:22:17.194Z - verbose: [36mverbose: [39mLoading app models...
2015-10-02T21:22:17.198Z - verbose: [36mverbose: [39mLoading app adapters...
2015-10-02T21:22:17.199Z - verbose: [36mverbose: [39mLoading blueprint middleware...
2015-10-02T21:22:17.267Z - verbose: [36mverbose: [39mblueprints hook loaded successfully.
2015-10-02T21:22:17.267Z - verbose: [36mverbose: [39mresponses hook loaded successfully.
2015-10-02T21:22:17.273Z - verbose: [36mverbose: [39mcontrollers hook loaded successfully.
2015-10-02T21:22:17.275Z - verbose: [36mverbose: [39mLoading policy modules from app...
2015-10-02T21:22:17.278Z - verbose: [36mverbose: [39mFinished loading policy middleware logic.
2015-10-02T21:22:17.279Z - verbose: [36mverbose: [39mpolicies hook loaded successfully.
2015-10-02T21:22:17.279Z - verbose: [36mverbose: [39mservices hook loaded successfully.
2015-10-02T21:22:17.280Z - verbose: [36mverbose: [39mcors hook loaded successfully.
2015-10-02T21:22:17.415Z - verbose: [36mverbose: [39mhttp hook loaded successfully.
2015-10-02T21:22:17.415Z - verbose: [36mverbose: [39mPreparing socket.io...
2015-10-02T21:22:17.439Z - verbose: [36mverbose: [39msockets hook loaded successfully.
2015-10-02T21:22:17.439Z - verbose: [36mverbose: [39mpluralize-only-rest-models hook loaded successfully.
2015-10-02T21:22:17.440Z - verbose: [36mverbose: [39mcron hook loaded successfully.
2015-10-02T21:22:17.548Z - verbose: [36mverbose: [39morm hook loaded successfully.
2015-10-02T21:22:17.549Z - verbose: [36mverbose: [39mBuilt-in hooks are ready.
2015-10-02T21:22:17.549Z - verbose: [36mverbose: [39mInstantiating registry...
2015-10-02T21:22:17.550Z - verbose: [36mverbose: [39mLoading router...
2015-10-02T21:22:17.551Z - silly: [31ms[39m[33mi[39m[32ml[39m[34ml[39m[35my[39m[31m:[39m Binding route ::  all /* (REQUEST HOOK: addMixins)
2015-10-02T21:22:17.555Z - silly: [31ms[39m[33mi[39m[32ml[39m[34ml[39m[35my[39m[31m:[39m Binding route ::  all /* (RESPONSES HOOK: addResponseMethods)
2015-10-02T21:22:17.558Z - verbose: [36mverbose: [39mPolicy-controller bindings complete!
2015-10-02T21:22:17.558Z - silly: [31ms[39m[33mi[39m[32ml[39m[34ml[39m[35my[39m[31m:[39m Binding route ::  all /* (CORS HOOK: clearHeaders)
2015-10-02T21:22:17.562Z - silly: [31ms[39m[33mi[39m[32ml[39m[34ml[39m[35my[39m[31m:[39m Binding route ::  get /__getcookie (SOCKETS HOOK)
2015-10-02T21:22:17.564Z - silly: [31ms[39m[33mi[39m[32ml[39m[34ml[39m[35my[39m[31m:[39m Binding action (signin) blueprint/shadow route for controller: auth
2015-10-02T21:22:17.565Z - silly: [31ms[39m[33mi[39m[32ml[39m[34ml[39m[35my[39m[31m:[39m Binding route ::   /v1/auth/signin/:id? (POLICY: alwaysAllow)
2015-10-02T21:22:17.566Z - silly: [31ms[39m[33mi[39m[32ml[39m[34ml[39m[35my[39m[31m:[39m Binding route ::   /v1/auth/signin/:id? (ACTION: auth/signin)
2015-10-02T21:22:17.566Z - silly: [31ms[39m[33mi[39m[32ml[39m[34ml[39m[35my[39m[31m:[39m Binding action (signup) blueprint/shadow route for controller: auth
2015-10-02T21:22:17.567Z - silly: [31ms[39m[33mi[39m[32ml[39m[34ml[39m[35my[39m[31m:[39m Binding route ::   /v1/auth/signup/:id? (POLICY: alwaysAllow)
2015-10-02T21:22:17.568Z - silly: [31ms[39m[33mi[39m[32ml[39m[34ml[39m[35my[39m[31m:[39m Binding route ::   /v1/auth/signup/:id? (ACTION: auth/signup)
2015-10-02T21:22:17.568Z - silly: [31ms[39m[33mi[39m[32ml[39m[34ml[39m[35my[39m[31m:[39m Binding action (social) blueprint/shadow route for controller: auth
2015-10-02T21:22:17.569Z - silly: [31ms[39m[33mi[39m[32ml[39m[34ml[39m[35my[39m[31m:[39m Binding route ::   /v1/auth/social/:id? (POLICY: alwaysAllow)
2015-10-02T21:22:17.569Z - silly: [31ms[39m[33mi[39m[32ml[39m[34ml[39m[35my[39m[31m:[39m Binding route ::   /v1/auth/social/:id? (ACTION: auth/social)
2015-10-02T21:22:17.570Z - silly: [31ms[39m[33mi[39m[32ml[39m[34ml[39m[35my[39m[31m:[39m Binding action (refresh_token) blueprint/shadow route for controller: auth
2015-10-02T21:22:17.570Z - silly: [31ms[39m[33mi[39m[32ml[39m[34ml[39m[35my[39m[31m:[39m Binding route ::   /v1/auth/refresh_token/:id? (POLICY: alwaysAllow)
2015-10-02T21:22:17.571Z - silly: [31ms[39m[33mi[39m[32ml[39m[34ml[39m[35my[39m[31m:[39m Binding route ::   /v1/auth/refresh_token/:id? (ACTION: auth/refresh_token)
2015-10-02T21:22:17.573Z - silly: [31ms[39m[33mi[39m[32ml[39m[34ml[39m[35my[39m[31m:[39m Binding action (identity) blueprint/shadow route for controller: auth
2015-10-02T21:22:17.574Z - silly: [31ms[39m[33mi[39m[32ml[39m[34ml[39m[35my[39m[31m:[39m Binding action (globalid) blueprint/shadow route for controller: auth
2015-10-02T21:22:17.574Z - silly: [31ms[39m[33mi[39m[32ml[39m[34ml[39m[35my[39m[31m:[39m Binding action (sails) blueprint/shadow route for controller: auth
2015-10-02T21:22:17.581Z - silly: [31ms[39m[33mi[39m[32ml[39m[34ml[39m[35my[39m[31m:[39m Binding action (index) blueprint/shadow route for controller: ping
2015-10-02T21:22:17.581Z - silly: [31ms[39m[33mi[39m[32ml[39m[34ml[39m[35my[39m[31m:[39m Binding route ::   /v1/ping/index/:id? (POLICY: alwaysAllow)
2015-10-02T21:22:17.582Z - silly: [31ms[39m[33mi[39m[32ml[39m[34ml[39m[35my[39m[31m:[39m Binding route ::   /v1/ping/index/:id? (ACTION: ping/index)
2015-10-02T21:22:17.584Z - silly: [31ms[39m[33mi[39m[32ml[39m[34ml[39m[35my[39m[31m:[39m Binding index blueprint/shadow route for controller: ping
2015-10-02T21:22:17.584Z - silly: [31ms[39m[33mi[39m[32ml[39m[34ml[39m[35my[39m[31m:[39m Binding route ::   /v1/ping (POLICY: alwaysAllow)
2015-10-02T21:22:17.585Z - silly: [31ms[39m[33mi[39m[32ml[39m[34ml[39m[35my[39m[31m:[39m Binding route ::   /v1/ping (ACTION: ping/index)
2015-10-02T21:22:17.586Z - silly: [31ms[39m[33mi[39m[32ml[39m[34ml[39m[35my[39m[31m:[39m Binding action (identity) blueprint/shadow route for controller: ping
2015-10-02T21:22:17.587Z - silly: [31ms[39m[33mi[39m[32ml[39m[34ml[39m[35my[39m[31m:[39m Binding action (globalid) blueprint/shadow route for controller: ping
2015-10-02T21:22:17.587Z - silly: [31ms[39m[33mi[39m[32ml[39m[34ml[39m[35my[39m[31m:[39m Binding action (sails) blueprint/shadow route for controller: ping
2015-10-02T21:22:17.592Z - silly: [31ms[39m[33mi[39m[32ml[39m[34ml[39m[35my[39m[31m:[39m Binding action (index) blueprint/shadow route for controller: search
2015-10-02T21:22:17.593Z - silly: [31ms[39m[33mi[39m[32ml[39m[34ml[39m[35my[39m[31m:[39m Binding route ::   /v1/search/index/:id? (POLICY: isAuthenticated)
2015-10-02T21:22:17.593Z - silly: [31ms[39m[33mi[39m[32ml[39m[34ml[39m[35my[39m[31m:[39m Binding route ::   /v1/search/index/:id? (ACTION: search/index)
2015-10-02T21:22:17.594Z - silly: [31ms[39m[33mi[39m[32ml[39m[34ml[39m[35my[39m[31m:[39m Binding index blueprint/shadow route for controller: search
2015-10-02T21:22:17.594Z - silly: [31ms[39m[33mi[39m[32ml[39m[34ml[39m[35my[39m[31m:[39m Binding route ::   /v1/search (POLICY: isAuthenticated)
2015-10-02T21:22:17.595Z - silly: [31ms[39m[33mi[39m[32ml[39m[34ml[39m[35my[39m[31m:[39m Binding route ::   /v1/search (ACTION: search/index)
2015-10-02T21:22:17.595Z - silly: [31ms[39m[33mi[39m[32ml[39m[34ml[39m[35my[39m[31m:[39m Binding action (identity) blueprint/shadow route for controller: search
2015-10-02T21:22:17.596Z - silly: [31ms[39m[33mi[39m[32ml[39m[34ml[39m[35my[39m[31m:[39m Binding action (globalid) blueprint/shadow route for controller: search
2015-10-02T21:22:17.596Z - silly: [31ms[39m[33mi[39m[32ml[39m[34ml[39m[35my[39m[31m:[39m Binding action (sails) blueprint/shadow route for controller: search
2015-10-02T21:22:17.605Z - silly: [31ms[39m[33mi[39m[32ml[39m[34ml[39m[35my[39m[31m:[39m Binding action (identity) blueprint/shadow route for controller: user
2015-10-02T21:22:17.607Z - silly: [31ms[39m[33mi[39m[32ml[39m[34ml[39m[35my[39m[31m:[39m Binding action (globalid) blueprint/shadow route for controller: user
2015-10-02T21:22:17.608Z - silly: [31ms[39m[33mi[39m[32ml[39m[34ml[39m[35my[39m[31m:[39m Binding action (sails) blueprint/shadow route for controller: user
2015-10-02T21:22:17.614Z - silly: [31ms[39m[33mi[39m[32ml[39m[34ml[39m[35my[39m[31m:[39m Binding RESTful blueprint/shadow routes for model+controller: user
2015-10-02T21:22:17.615Z - silly: [31ms[39m[33mi[39m[32ml[39m[34ml[39m[35my[39m[31m:[39m Binding route ::  get /v1/users (POLICY: isAuthenticated)
2015-10-02T21:22:17.615Z - silly: [31ms[39m[33mi[39m[32ml[39m[34ml[39m[35my[39m[31m:[39m Binding route ::  get /v1/users (BLUEPRINT: )
2015-10-02T21:22:17.616Z - silly: [31ms[39m[33mi[39m[32ml[39m[34ml[39m[35my[39m[31m:[39m Binding route ::  get /v1/users/:id (POLICY: isAuthenticated)
2015-10-02T21:22:17.617Z - silly: [31ms[39m[33mi[39m[32ml[39m[34ml[39m[35my[39m[31m:[39m Binding route ::  get /v1/users/:id (BLUEPRINT: )
2015-10-02T21:22:17.618Z - silly: [31ms[39m[33mi[39m[32ml[39m[34ml[39m[35my[39m[31m:[39m Binding route ::  post /v1/users (POLICY: isAuthenticated)
2015-10-02T21:22:17.618Z - silly: [31ms[39m[33mi[39m[32ml[39m[34ml[39m[35my[39m[31m:[39m Binding route ::  post /v1/users (BLUEPRINT: )
2015-10-02T21:22:17.619Z - silly: [31ms[39m[33mi[39m[32ml[39m[34ml[39m[35my[39m[31m:[39m Binding route ::  put /v1/users/:id (POLICY: isAuthenticated)
2015-10-02T21:22:17.620Z - silly: [31ms[39m[33mi[39m[32ml[39m[34ml[39m[35my[39m[31m:[39m Binding route ::  put /v1/users/:id (BLUEPRINT: )
2015-10-02T21:22:17.621Z - silly: [31ms[39m[33mi[39m[32ml[39m[34ml[39m[35my[39m[31m:[39m Binding route ::  post /v1/users/:id (POLICY: isAuthenticated)
2015-10-02T21:22:17.622Z - silly: [31ms[39m[33mi[39m[32ml[39m[34ml[39m[35my[39m[31m:[39m Binding route ::  post /v1/users/:id (BLUEPRINT: )
2015-10-02T21:22:17.623Z - silly: [31ms[39m[33mi[39m[32ml[39m[34ml[39m[35my[39m[31m:[39m Binding route ::  delete /v1/users/:id? (POLICY: isAuthenticated)
2015-10-02T21:22:17.623Z - silly: [31ms[39m[33mi[39m[32ml[39m[34ml[39m[35my[39m[31m:[39m Binding route ::  delete /v1/users/:id? (BLUEPRINT: )
2015-10-02T21:22:17.625Z - verbose: [36mverbose: [39mAll hooks were loaded successfully.
2015-10-02T21:22:17.625Z - verbose: [36mverbose: [39mStarting app at /Users/Ainur/gitRepo/PickLocker/API...
2015-10-02T21:22:17.626Z - verbose: [36mverbose: [39mRunning the setup logic in `sails.config.bootstrap(cb)`...
2015-10-02T21:22:17.630Z - info: [32minfo: [39m
2015-10-02T21:22:17.630Z - info: [32minfo: [39m               .-..-.
2015-10-02T21:22:17.631Z - info: [32minfo: [39m
2015-10-02T21:22:17.631Z - info: [32minfo: [39m   Sails              <|    .-..-.
2015-10-02T21:22:17.631Z - info: [32minfo: [39m   v0.11.2             |\
2015-10-02T21:22:17.631Z - info: [32minfo: [39m                      /|.\
2015-10-02T21:22:17.631Z - info: [32minfo: [39m                     / || \
2015-10-02T21:22:17.632Z - info: [32minfo: [39m                   ,'  |'  \
2015-10-02T21:22:17.632Z - info: [32minfo: [39m                .-'.-==|/_--'
2015-10-02T21:22:17.632Z - info: [32minfo: [39m                `--'-------' 
2015-10-02T21:22:17.632Z - info: [32minfo: [39m   __---___--___---___--___---___--___
2015-10-02T21:22:17.632Z - info: [32minfo: [39m ____---___--___---___--___---___--___-__
2015-10-02T21:22:17.633Z - info: [32minfo: [39m
2015-10-02T21:22:17.633Z - info: [32minfo: [39mServer lifted in `/Users/Ainur/gitRepo/PickLocker/API`
2015-10-02T21:22:17.633Z - info: [32minfo: [39mTo see your app, visit [4mhttp://localhost:3000[24m
2015-10-02T21:22:17.633Z - info: [32minfo: [39mTo shut down Sails, press <CTRL> + C at any time.
2015-10-02T21:22:17.634Z - debug: [34mdebug: [39m[90m--------------------------------------------------------[39m
2015-10-02T21:22:17.634Z - debug: [34mdebug: [39m[90m:: Fri Oct 02 2015 23:22:17 GMT+0200 (CEST)[39m
2015-10-02T21:22:17.634Z - debug: [34mdebug: [39mEnvironment : development
2015-10-02T21:22:17.635Z - debug: [34mdebug: [39mPort        : 3000
2015-10-02T21:22:17.635Z - debug: [34mdebug: [39m[90m--------------------------------------------------------[39m
2015-10-02T21:22:17.445Z - verbose: [36mverbose: [39mLoading adapter ( sails-disk ) for account  from `node_modules` directory...
2015-10-02T21:22:17.498Z - verbose: [36mverbose: [39mStarting ORM...
2015-10-02T21:22:17.498Z - silly: [31ms[39m[33mi[39m[32ml[39m[34ml[39m[35my[39m[31m:[39m Registering model `account` in Waterline (ORM)
2015-10-02T21:22:17.499Z - silly: [31ms[39m[33mi[39m[32ml[39m[34ml[39m[35my[39m[31m:[39m Registering model `user` in Waterline (ORM)
2015-10-02T21:23:39.380Z - verbose: [36mverbose: [39mLowering sails...
2015-10-02T21:23:39.383Z - verbose: [36mverbose: [39mShutting down socket server...
2015-10-02T21:23:39.383Z - verbose: [36mverbose: [39mShutting down HTTP server...
2015-10-02T21:29:01.798Z - verbose: [36mverbose: [39mlogger hook loaded successfully.
2015-10-02T21:29:01.800Z - verbose: [36mverbose: [39mrequest hook loaded successfully.
2015-10-02T21:29:01.801Z - verbose: [36mverbose: [39mLoading the app's models and adapters...
2015-10-02T21:29:01.801Z - verbose: [36mverbose: [39mLoading app models...
2015-10-02T21:29:01.805Z - verbose: [36mverbose: [39mLoading app adapters...
2015-10-02T21:29:01.807Z - verbose: [36mverbose: [39mLoading blueprint middleware...
2015-10-02T21:29:01.873Z - verbose: [36mverbose: [39mblueprints hook loaded successfully.
2015-10-02T21:29:01.874Z - verbose: [36mverbose: [39mresponses hook loaded successfully.
2015-10-02T21:29:01.878Z - verbose: [36mverbose: [39mcontrollers hook loaded successfully.
2015-10-02T21:29:01.880Z - verbose: [36mverbose: [39mLoading policy modules from app...
2015-10-02T21:29:01.883Z - verbose: [36mverbose: [39mFinished loading policy middleware logic.
2015-10-02T21:29:01.883Z - verbose: [36mverbose: [39mpolicies hook loaded successfully.
2015-10-02T21:29:01.883Z - verbose: [36mverbose: [39mservices hook loaded successfully.
2015-10-02T21:29:01.883Z - verbose: [36mverbose: [39mcors hook loaded successfully.
2015-10-02T21:29:02.013Z - verbose: [36mverbose: [39mhttp hook loaded successfully.
2015-10-02T21:29:02.014Z - verbose: [36mverbose: [39mPreparing socket.io...
2015-10-02T21:29:02.039Z - verbose: [36mverbose: [39msockets hook loaded successfully.
2015-10-02T21:29:02.040Z - verbose: [36mverbose: [39mpluralize-only-rest-models hook loaded successfully.
2015-10-02T21:29:02.040Z - verbose: [36mverbose: [39mcron hook loaded successfully.
2015-10-02T21:29:02.149Z - verbose: [36mverbose: [39morm hook loaded successfully.
2015-10-02T21:29:02.149Z - verbose: [36mverbose: [39mBuilt-in hooks are ready.
2015-10-02T21:29:02.150Z - verbose: [36mverbose: [39mInstantiating registry...
2015-10-02T21:29:02.151Z - verbose: [36mverbose: [39mLoading router...
2015-10-02T21:29:02.152Z - silly: [31ms[39m[33mi[39m[32ml[39m[34ml[39m[35my[39m[31m:[39m Binding route ::  all /* (REQUEST HOOK: addMixins)
2015-10-02T21:29:02.156Z - silly: [31ms[39m[33mi[39m[32ml[39m[34ml[39m[35my[39m[31m:[39m Binding route ::  all /* (RESPONSES HOOK: addResponseMethods)
2015-10-02T21:29:02.159Z - verbose: [36mverbose: [39mPolicy-controller bindings complete!
2015-10-02T21:29:02.160Z - silly: [31ms[39m[33mi[39m[32ml[39m[34ml[39m[35my[39m[31m:[39m Binding route ::  all /* (CORS HOOK: clearHeaders)
2015-10-02T21:29:02.163Z - silly: [31ms[39m[33mi[39m[32ml[39m[34ml[39m[35my[39m[31m:[39m Binding route ::  get /__getcookie (SOCKETS HOOK)
2015-10-02T21:29:02.166Z - silly: [31ms[39m[33mi[39m[32ml[39m[34ml[39m[35my[39m[31m:[39m Binding action (identity) blueprint/shadow route for controller: account
2015-10-02T21:29:02.167Z - silly: [31ms[39m[33mi[39m[32ml[39m[34ml[39m[35my[39m[31m:[39m Binding action (globalid) blueprint/shadow route for controller: account
2015-10-02T21:29:02.167Z - silly: [31ms[39m[33mi[39m[32ml[39m[34ml[39m[35my[39m[31m:[39m Binding action (sails) blueprint/shadow route for controller: account
2015-10-02T21:29:02.174Z - silly: [31ms[39m[33mi[39m[32ml[39m[34ml[39m[35my[39m[31m:[39m Binding RESTful blueprint/shadow routes for model+controller: account
2015-10-02T21:29:02.175Z - silly: [31ms[39m[33mi[39m[32ml[39m[34ml[39m[35my[39m[31m:[39m Binding route ::  get /v1/accounts (POLICY: isAuthenticated)
2015-10-02T21:29:02.176Z - silly: [31ms[39m[33mi[39m[32ml[39m[34ml[39m[35my[39m[31m:[39m Binding route ::  get /v1/accounts (BLUEPRINT: )
2015-10-02T21:29:02.176Z - silly: [31ms[39m[33mi[39m[32ml[39m[34ml[39m[35my[39m[31m:[39m Binding route ::  get /v1/accounts/:id (POLICY: isAuthenticated)
2015-10-02T21:29:02.177Z - silly: [31ms[39m[33mi[39m[32ml[39m[34ml[39m[35my[39m[31m:[39m Binding route ::  get /v1/accounts/:id (BLUEPRINT: )
2015-10-02T21:29:02.177Z - silly: [31ms[39m[33mi[39m[32ml[39m[34ml[39m[35my[39m[31m:[39m Binding route ::  post /v1/accounts (POLICY: isAuthenticated)
2015-10-02T21:29:02.178Z - silly: [31ms[39m[33mi[39m[32ml[39m[34ml[39m[35my[39m[31m:[39m Binding route ::  post /v1/accounts (BLUEPRINT: )
2015-10-02T21:29:02.178Z - silly: [31ms[39m[33mi[39m[32ml[39m[34ml[39m[35my[39m[31m:[39m Binding route ::  put /v1/accounts/:id (POLICY: isAuthenticated)
2015-10-02T21:29:02.179Z - silly: [31ms[39m[33mi[39m[32ml[39m[34ml[39m[35my[39m[31m:[39m Binding route ::  put /v1/accounts/:id (BLUEPRINT: )
2015-10-02T21:29:02.179Z - silly: [31ms[39m[33mi[39m[32ml[39m[34ml[39m[35my[39m[31m:[39m Binding route ::  post /v1/accounts/:id (POLICY: isAuthenticated)
2015-10-02T21:29:02.180Z - silly: [31ms[39m[33mi[39m[32ml[39m[34ml[39m[35my[39m[31m:[39m Binding route ::  post /v1/accounts/:id (BLUEPRINT: )
2015-10-02T21:29:02.180Z - silly: [31ms[39m[33mi[39m[32ml[39m[34ml[39m[35my[39m[31m:[39m Binding route ::  delete /v1/accounts/:id? (POLICY: isAuthenticated)
2015-10-02T21:29:02.181Z - silly: [31ms[39m[33mi[39m[32ml[39m[34ml[39m[35my[39m[31m:[39m Binding route ::  delete /v1/accounts/:id? (BLUEPRINT: )
2015-10-02T21:29:02.181Z - silly: [31ms[39m[33mi[39m[32ml[39m[34ml[39m[35my[39m[31m:[39m Binding action (signin) blueprint/shadow route for controller: auth
2015-10-02T21:29:02.182Z - silly: [31ms[39m[33mi[39m[32ml[39m[34ml[39m[35my[39m[31m:[39m Binding route ::   /v1/auth/signin/:id? (POLICY: alwaysAllow)
2015-10-02T21:29:02.183Z - silly: [31ms[39m[33mi[39m[32ml[39m[34ml[39m[35my[39m[31m:[39m Binding route ::   /v1/auth/signin/:id? (ACTION: auth/signin)
2015-10-02T21:29:02.183Z - silly: [31ms[39m[33mi[39m[32ml[39m[34ml[39m[35my[39m[31m:[39m Binding action (signup) blueprint/shadow route for controller: auth
2015-10-02T21:29:02.184Z - silly: [31ms[39m[33mi[39m[32ml[39m[34ml[39m[35my[39m[31m:[39m Binding route ::   /v1/auth/signup/:id? (POLICY: alwaysAllow)
2015-10-02T21:29:02.185Z - silly: [31ms[39m[33mi[39m[32ml[39m[34ml[39m[35my[39m[31m:[39m Binding route ::   /v1/auth/signup/:id? (ACTION: auth/signup)
2015-10-02T21:29:02.186Z - silly: [31ms[39m[33mi[39m[32ml[39m[34ml[39m[35my[39m[31m:[39m Binding action (social) blueprint/shadow route for controller: auth
2015-10-02T21:29:02.186Z - silly: [31ms[39m[33mi[39m[32ml[39m[34ml[39m[35my[39m[31m:[39m Binding route ::   /v1/auth/social/:id? (POLICY: alwaysAllow)
2015-10-02T21:29:02.187Z - silly: [31ms[39m[33mi[39m[32ml[39m[34ml[39m[35my[39m[31m:[39m Binding route ::   /v1/auth/social/:id? (ACTION: auth/social)
2015-10-02T21:29:02.187Z - silly: [31ms[39m[33mi[39m[32ml[39m[34ml[39m[35my[39m[31m:[39m Binding action (refresh_token) blueprint/shadow route for controller: auth
2015-10-02T21:29:02.187Z - silly: [31ms[39m[33mi[39m[32ml[39m[34ml[39m[35my[39m[31m:[39m Binding route ::   /v1/auth/refresh_token/:id? (POLICY: alwaysAllow)
2015-10-02T21:29:02.188Z - silly: [31ms[39m[33mi[39m[32ml[39m[34ml[39m[35my[39m[31m:[39m Binding route ::   /v1/auth/refresh_token/:id? (ACTION: auth/refresh_token)
2015-10-02T21:29:02.189Z - silly: [31ms[39m[33mi[39m[32ml[39m[34ml[39m[35my[39m[31m:[39m Binding action (identity) blueprint/shadow route for controller: auth
2015-10-02T21:29:02.189Z - silly: [31ms[39m[33mi[39m[32ml[39m[34ml[39m[35my[39m[31m:[39m Binding action (globalid) blueprint/shadow route for controller: auth
2015-10-02T21:29:02.189Z - silly: [31ms[39m[33mi[39m[32ml[39m[34ml[39m[35my[39m[31m:[39m Binding action (sails) blueprint/shadow route for controller: auth
2015-10-02T21:29:02.194Z - silly: [31ms[39m[33mi[39m[32ml[39m[34ml[39m[35my[39m[31m:[39m Binding action (index) blueprint/shadow route for controller: ping
2015-10-02T21:29:02.194Z - silly: [31ms[39m[33mi[39m[32ml[39m[34ml[39m[35my[39m[31m:[39m Binding route ::   /v1/ping/index/:id? (POLICY: alwaysAllow)
2015-10-02T21:29:02.195Z - silly: [31ms[39m[33mi[39m[32ml[39m[34ml[39m[35my[39m[31m:[39m Binding route ::   /v1/ping/index/:id? (ACTION: ping/index)
2015-10-02T21:29:02.196Z - silly: [31ms[39m[33mi[39m[32ml[39m[34ml[39m[35my[39m[31m:[39m Binding index blueprint/shadow route for controller: ping
2015-10-02T21:29:02.197Z - silly: [31ms[39m[33mi[39m[32ml[39m[34ml[39m[35my[39m[31m:[39m Binding route ::   /v1/ping (POLICY: alwaysAllow)
2015-10-02T21:29:02.197Z - silly: [31ms[39m[33mi[39m[32ml[39m[34ml[39m[35my[39m[31m:[39m Binding route ::   /v1/ping (ACTION: ping/index)
2015-10-02T21:29:02.198Z - silly: [31ms[39m[33mi[39m[32ml[39m[34ml[39m[35my[39m[31m:[39m Binding action (identity) blueprint/shadow route for controller: ping
2015-10-02T21:29:02.198Z - silly: [31ms[39m[33mi[39m[32ml[39m[34ml[39m[35my[39m[31m:[39m Binding action (globalid) blueprint/shadow route for controller: ping
2015-10-02T21:29:02.198Z - silly: [31ms[39m[33mi[39m[32ml[39m[34ml[39m[35my[39m[31m:[39m Binding action (sails) blueprint/shadow route for controller: ping
2015-10-02T21:29:02.203Z - silly: [31ms[39m[33mi[39m[32ml[39m[34ml[39m[35my[39m[31m:[39m Binding action (index) blueprint/shadow route for controller: search
2015-10-02T21:29:02.204Z - silly: [31ms[39m[33mi[39m[32ml[39m[34ml[39m[35my[39m[31m:[39m Binding route ::   /v1/search/index/:id? (POLICY: isAuthenticated)
2015-10-02T21:29:02.204Z - silly: [31ms[39m[33mi[39m[32ml[39m[34ml[39m[35my[39m[31m:[39m Binding route ::   /v1/search/index/:id? (ACTION: search/index)
2015-10-02T21:29:02.205Z - silly: [31ms[39m[33mi[39m[32ml[39m[34ml[39m[35my[39m[31m:[39m Binding index blueprint/shadow route for controller: search
2015-10-02T21:29:02.205Z - silly: [31ms[39m[33mi[39m[32ml[39m[34ml[39m[35my[39m[31m:[39m Binding route ::   /v1/search (POLICY: isAuthenticated)
2015-10-02T21:29:02.206Z - silly: [31ms[39m[33mi[39m[32ml[39m[34ml[39m[35my[39m[31m:[39m Binding route ::   /v1/search (ACTION: search/index)
2015-10-02T21:29:02.207Z - silly: [31ms[39m[33mi[39m[32ml[39m[34ml[39m[35my[39m[31m:[39m Binding action (identity) blueprint/shadow route for controller: search
2015-10-02T21:29:02.207Z - silly: [31ms[39m[33mi[39m[32ml[39m[34ml[39m[35my[39m[31m:[39m Binding action (globalid) blueprint/shadow route for controller: search
2015-10-02T21:29:02.207Z - silly: [31ms[39m[33mi[39m[32ml[39m[34ml[39m[35my[39m[31m:[39m Binding action (sails) blueprint/shadow route for controller: search
2015-10-02T21:29:02.212Z - silly: [31ms[39m[33mi[39m[32ml[39m[34ml[39m[35my[39m[31m:[39m Binding action (identity) blueprint/shadow route for controller: user
2015-10-02T21:29:02.213Z - silly: [31ms[39m[33mi[39m[32ml[39m[34ml[39m[35my[39m[31m:[39m Binding action (globalid) blueprint/shadow route for controller: user
2015-10-02T21:29:02.213Z - silly: [31ms[39m[33mi[39m[32ml[39m[34ml[39m[35my[39m[31m:[39m Binding action (sails) blueprint/shadow route for controller: user
2015-10-02T21:29:02.218Z - silly: [31ms[39m[33mi[39m[32ml[39m[34ml[39m[35my[39m[31m:[39m Binding RESTful blueprint/shadow routes for model+controller: user
2015-10-02T21:29:02.224Z - silly: [31ms[39m[33mi[39m[32ml[39m[34ml[39m[35my[39m[31m:[39m Binding route ::  get /v1/users (POLICY: isAuthenticated)
2015-10-02T21:29:02.225Z - silly: [31ms[39m[33mi[39m[32ml[39m[34ml[39m[35my[39m[31m:[39m Binding route ::  get /v1/users (BLUEPRINT: )
2015-10-02T21:29:02.225Z - silly: [31ms[39m[33mi[39m[32ml[39m[34ml[39m[35my[39m[31m:[39m Binding route ::  get /v1/users/:id (POLICY: isAuthenticated)
2015-10-02T21:29:02.226Z - silly: [31ms[39m[33mi[39m[32ml[39m[34ml[39m[35my[39m[31m:[39m Binding route ::  get /v1/users/:id (BLUEPRINT: )
2015-10-02T21:29:02.226Z - silly: [31ms[39m[33mi[39m[32ml[39m[34ml[39m[35my[39m[31m:[39m Binding route ::  post /v1/users (POLICY: isAuthenticated)
2015-10-02T21:29:02.227Z - silly: [31ms[39m[33mi[39m[32ml[39m[34ml[39m[35my[39m[31m:[39m Binding route ::  post /v1/users (BLUEPRINT: )
2015-10-02T21:29:02.227Z - silly: [31ms[39m[33mi[39m[32ml[39m[34ml[39m[35my[39m[31m:[39m Binding route ::  put /v1/users/:id (POLICY: isAuthenticated)
2015-10-02T21:29:02.228Z - silly: [31ms[39m[33mi[39m[32ml[39m[34ml[39m[35my[39m[31m:[39m Binding route ::  put /v1/users/:id (BLUEPRINT: )
2015-10-02T21:29:02.228Z - silly: [31ms[39m[33mi[39m[32ml[39m[34ml[39m[35my[39m[31m:[39m Binding route ::  post /v1/users/:id (POLICY: isAuthenticated)
2015-10-02T21:29:02.229Z - silly: [31ms[39m[33mi[39m[32ml[39m[34ml[39m[35my[39m[31m:[39m Binding route ::  post /v1/users/:id (BLUEPRINT: )
2015-10-02T21:29:02.229Z - silly: [31ms[39m[33mi[39m[32ml[39m[34ml[39m[35my[39m[31m:[39m Binding route ::  delete /v1/users/:id? (POLICY: isAuthenticated)
2015-10-02T21:29:02.230Z - silly: [31ms[39m[33mi[39m[32ml[39m[34ml[39m[35my[39m[31m:[39m Binding route ::  delete /v1/users/:id? (BLUEPRINT: )
2015-10-02T21:29:02.231Z - verbose: [36mverbose: [39mAll hooks were loaded successfully.
2015-10-02T21:29:02.231Z - verbose: [36mverbose: [39mStarting app at /Users/Ainur/gitRepo/PickLocker/API...
2015-10-02T21:29:02.232Z - verbose: [36mverbose: [39mRunning the setup logic in `sails.config.bootstrap(cb)`...
2015-10-02T21:29:02.236Z - info: [32minfo: [39m
2015-10-02T21:29:02.236Z - info: [32minfo: [39m               .-..-.
2015-10-02T21:29:02.236Z - info: [32minfo: [39m
2015-10-02T21:29:02.236Z - info: [32minfo: [39m   Sails              <|    .-..-.
2015-10-02T21:29:02.236Z - info: [32minfo: [39m   v0.11.2             |\
2015-10-02T21:29:02.236Z - info: [32minfo: [39m                      /|.\
2015-10-02T21:29:02.237Z - info: [32minfo: [39m                     / || \
2015-10-02T21:29:02.237Z - info: [32minfo: [39m                   ,'  |'  \
2015-10-02T21:29:02.237Z - info: [32minfo: [39m                .-'.-==|/_--'
2015-10-02T21:29:02.237Z - info: [32minfo: [39m                `--'-------' 
2015-10-02T21:29:02.237Z - info: [32minfo: [39m   __---___--___---___--___---___--___
2015-10-02T21:29:02.237Z - info: [32minfo: [39m ____---___--___---___--___---___--___-__
2015-10-02T21:29:02.238Z - info: [32minfo: [39m
2015-10-02T21:29:02.238Z - info: [32minfo: [39mServer lifted in `/Users/Ainur/gitRepo/PickLocker/API`
2015-10-02T21:29:02.238Z - info: [32minfo: [39mTo see your app, visit [4mhttp://localhost:3000[24m
2015-10-02T21:29:02.238Z - info: [32minfo: [39mTo shut down Sails, press <CTRL> + C at any time.
2015-10-02T21:29:02.239Z - debug: [34mdebug: [39m[90m--------------------------------------------------------[39m
2015-10-02T21:29:02.239Z - debug: [34mdebug: [39m[90m:: Fri Oct 02 2015 23:29:02 GMT+0200 (CEST)[39m
2015-10-02T21:29:02.240Z - debug: [34mdebug: [39mEnvironment : development
2015-10-02T21:29:02.240Z - debug: [34mdebug: [39mPort        : 3000
2015-10-02T21:29:02.240Z - debug: [34mdebug: [39m[90m--------------------------------------------------------[39m
2015-10-02T21:29:02.046Z - verbose: [36mverbose: [39mLoading adapter ( sails-disk ) for account  from `node_modules` directory...
2015-10-02T21:29:02.098Z - verbose: [36mverbose: [39mStarting ORM...
2015-10-02T21:29:02.098Z - silly: [31ms[39m[33mi[39m[32ml[39m[34ml[39m[35my[39m[31m:[39m Registering model `account` in Waterline (ORM)
2015-10-02T21:29:02.099Z - silly: [31ms[39m[33mi[39m[32ml[39m[34ml[39m[35my[39m[31m:[39m Registering model `user` in Waterline (ORM)
2015-10-02T21:30:18.529Z - verbose: [36mverbose: [39mLowering sails...
2015-10-02T21:30:18.533Z - verbose: [36mverbose: [39mShutting down socket server...
2015-10-02T21:30:18.533Z - verbose: [36mverbose: [39mShutting down HTTP server...
2015-10-02T21:30:33.886Z - verbose: [36mverbose: [39mlogger hook loaded successfully.
2015-10-02T21:30:33.888Z - verbose: [36mverbose: [39mrequest hook loaded successfully.
2015-10-02T21:30:33.889Z - verbose: [36mverbose: [39mLoading the app's models and adapters...
2015-10-02T21:30:33.889Z - verbose: [36mverbose: [39mLoading app models...
2015-10-02T21:30:33.891Z - verbose: [36mverbose: [39mLoading app adapters...
2015-10-02T21:30:33.892Z - verbose: [36mverbose: [39mLoading blueprint middleware...
2015-10-02T21:30:33.938Z - verbose: [36mverbose: [39mblueprints hook loaded successfully.
2015-10-02T21:30:33.939Z - verbose: [36mverbose: [39mresponses hook loaded successfully.
2015-10-02T21:30:33.942Z - verbose: [36mverbose: [39mcontrollers hook loaded successfully.
2015-10-02T21:30:33.944Z - verbose: [36mverbose: [39mLoading policy modules from app...
2015-10-02T21:30:33.946Z - verbose: [36mverbose: [39mFinished loading policy middleware logic.
2015-10-02T21:30:33.947Z - verbose: [36mverbose: [39mpolicies hook loaded successfully.
2015-10-02T21:30:33.947Z - verbose: [36mverbose: [39mservices hook loaded successfully.
2015-10-02T21:30:33.947Z - verbose: [36mverbose: [39mcors hook loaded successfully.
2015-10-02T21:30:34.031Z - verbose: [36mverbose: [39mhttp hook loaded successfully.
2015-10-02T21:30:34.032Z - verbose: [36mverbose: [39mPreparing socket.io...
2015-10-02T21:30:34.051Z - verbose: [36mverbose: [39msockets hook loaded successfully.
2015-10-02T21:30:34.052Z - verbose: [36mverbose: [39mpluralize-only-rest-models hook loaded successfully.
2015-10-02T21:30:34.052Z - verbose: [36mverbose: [39mcron hook loaded successfully.
2015-10-02T21:30:34.152Z - verbose: [36mverbose: [39morm hook loaded successfully.
2015-10-02T21:30:34.153Z - verbose: [36mverbose: [39mBuilt-in hooks are ready.
2015-10-02T21:30:34.154Z - verbose: [36mverbose: [39mInstantiating registry...
2015-10-02T21:30:34.154Z - verbose: [36mverbose: [39mLoading router...
2015-10-02T21:30:34.156Z - silly: [31ms[39m[33mi[39m[32ml[39m[34ml[39m[35my[39m[31m:[39m Binding route ::  all /* (REQUEST HOOK: addMixins)
2015-10-02T21:30:34.160Z - silly: [31ms[39m[33mi[39m[32ml[39m[34ml[39m[35my[39m[31m:[39m Binding route ::  all /* (RESPONSES HOOK: addResponseMethods)
2015-10-02T21:30:34.163Z - verbose: [36mverbose: [39mPolicy-controller bindings complete!
2015-10-02T21:30:34.164Z - silly: [31ms[39m[33mi[39m[32ml[39m[34ml[39m[35my[39m[31m:[39m Binding route ::  all /* (CORS HOOK: clearHeaders)
2015-10-02T21:30:34.167Z - silly: [31ms[39m[33mi[39m[32ml[39m[34ml[39m[35my[39m[31m:[39m Binding route ::  get /__getcookie (SOCKETS HOOK)
2015-10-02T21:30:34.169Z - silly: [31ms[39m[33mi[39m[32ml[39m[34ml[39m[35my[39m[31m:[39m Binding action (signin) blueprint/shadow route for controller: auth
2015-10-02T21:30:34.170Z - silly: [31ms[39m[33mi[39m[32ml[39m[34ml[39m[35my[39m[31m:[39m Binding route ::   /v1/auth/signin/:id? (POLICY: alwaysAllow)
2015-10-02T21:30:34.171Z - silly: [31ms[39m[33mi[39m[32ml[39m[34ml[39m[35my[39m[31m:[39m Binding route ::   /v1/auth/signin/:id? (ACTION: auth/signin)
2015-10-02T21:30:34.172Z - silly: [31ms[39m[33mi[39m[32ml[39m[34ml[39m[35my[39m[31m:[39m Binding action (signup) blueprint/shadow route for controller: auth
2015-10-02T21:30:34.172Z - silly: [31ms[39m[33mi[39m[32ml[39m[34ml[39m[35my[39m[31m:[39m Binding route ::   /v1/auth/signup/:id? (POLICY: alwaysAllow)
2015-10-02T21:30:34.173Z - silly: [31ms[39m[33mi[39m[32ml[39m[34ml[39m[35my[39m[31m:[39m Binding route ::   /v1/auth/signup/:id? (ACTION: auth/signup)
2015-10-02T21:30:34.173Z - silly: [31ms[39m[33mi[39m[32ml[39m[34ml[39m[35my[39m[31m:[39m Binding action (social) blueprint/shadow route for controller: auth
2015-10-02T21:30:34.174Z - silly: [31ms[39m[33mi[39m[32ml[39m[34ml[39m[35my[39m[31m:[39m Binding route ::   /v1/auth/social/:id? (POLICY: alwaysAllow)
2015-10-02T21:30:34.174Z - silly: [31ms[39m[33mi[39m[32ml[39m[34ml[39m[35my[39m[31m:[39m Binding route ::   /v1/auth/social/:id? (ACTION: auth/social)
2015-10-02T21:30:34.175Z - silly: [31ms[39m[33mi[39m[32ml[39m[34ml[39m[35my[39m[31m:[39m Binding action (refresh_token) blueprint/shadow route for controller: auth
2015-10-02T21:30:34.175Z - silly: [31ms[39m[33mi[39m[32ml[39m[34ml[39m[35my[39m[31m:[39m Binding route ::   /v1/auth/refresh_token/:id? (POLICY: alwaysAllow)
2015-10-02T21:30:34.176Z - silly: [31ms[39m[33mi[39m[32ml[39m[34ml[39m[35my[39m[31m:[39m Binding route ::   /v1/auth/refresh_token/:id? (ACTION: auth/refresh_token)
2015-10-02T21:30:34.177Z - silly: [31ms[39m[33mi[39m[32ml[39m[34ml[39m[35my[39m[31m:[39m Binding action (identity) blueprint/shadow route for controller: auth
2015-10-02T21:30:34.178Z - silly: [31ms[39m[33mi[39m[32ml[39m[34ml[39m[35my[39m[31m:[39m Binding action (globalid) blueprint/shadow route for controller: auth
2015-10-02T21:30:34.179Z - silly: [31ms[39m[33mi[39m[32ml[39m[34ml[39m[35my[39m[31m:[39m Binding action (sails) blueprint/shadow route for controller: auth
2015-10-02T21:30:34.186Z - silly: [31ms[39m[33mi[39m[32ml[39m[34ml[39m[35my[39m[31m:[39m Binding action (index) blueprint/shadow route for controller: ping
2015-10-02T21:30:34.186Z - silly: [31ms[39m[33mi[39m[32ml[39m[34ml[39m[35my[39m[31m:[39m Binding route ::   /v1/ping/index/:id? (POLICY: alwaysAllow)
2015-10-02T21:30:34.187Z - silly: [31ms[39m[33mi[39m[32ml[39m[34ml[39m[35my[39m[31m:[39m Binding route ::   /v1/ping/index/:id? (ACTION: ping/index)
2015-10-02T21:30:34.188Z - silly: [31ms[39m[33mi[39m[32ml[39m[34ml[39m[35my[39m[31m:[39m Binding index blueprint/shadow route for controller: ping
2015-10-02T21:30:34.188Z - silly: [31ms[39m[33mi[39m[32ml[39m[34ml[39m[35my[39m[31m:[39m Binding route ::   /v1/ping (POLICY: alwaysAllow)
2015-10-02T21:30:34.189Z - silly: [31ms[39m[33mi[39m[32ml[39m[34ml[39m[35my[39m[31m:[39m Binding route ::   /v1/ping (ACTION: ping/index)
2015-10-02T21:30:34.189Z - silly: [31ms[39m[33mi[39m[32ml[39m[34ml[39m[35my[39m[31m:[39m Binding action (identity) blueprint/shadow route for controller: ping
2015-10-02T21:30:34.189Z - silly: [31ms[39m[33mi[39m[32ml[39m[34ml[39m[35my[39m[31m:[39m Binding action (globalid) blueprint/shadow route for controller: ping
2015-10-02T21:30:34.190Z - silly: [31ms[39m[33mi[39m[32ml[39m[34ml[39m[35my[39m[31m:[39m Binding action (sails) blueprint/shadow route for controller: ping
2015-10-02T21:30:34.193Z - silly: [31ms[39m[33mi[39m[32ml[39m[34ml[39m[35my[39m[31m:[39m Binding action (index) blueprint/shadow route for controller: search
2015-10-02T21:30:34.194Z - silly: [31ms[39m[33mi[39m[32ml[39m[34ml[39m[35my[39m[31m:[39m Binding route ::   /v1/search/index/:id? (POLICY: isAuthenticated)
2015-10-02T21:30:34.195Z - silly: [31ms[39m[33mi[39m[32ml[39m[34ml[39m[35my[39m[31m:[39m Binding route ::   /v1/search/index/:id? (ACTION: search/index)
2015-10-02T21:30:34.195Z - silly: [31ms[39m[33mi[39m[32ml[39m[34ml[39m[35my[39m[31m:[39m Binding index blueprint/shadow route for controller: search
2015-10-02T21:30:34.195Z - silly: [31ms[39m[33mi[39m[32ml[39m[34ml[39m[35my[39m[31m:[39m Binding route ::   /v1/search (POLICY: isAuthenticated)
2015-10-02T21:30:34.196Z - silly: [31ms[39m[33mi[39m[32ml[39m[34ml[39m[35my[39m[31m:[39m Binding route ::   /v1/search (ACTION: search/index)
2015-10-02T21:30:34.197Z - silly: [31ms[39m[33mi[39m[32ml[39m[34ml[39m[35my[39m[31m:[39m Binding action (identity) blueprint/shadow route for controller: search
2015-10-02T21:30:34.197Z - silly: [31ms[39m[33mi[39m[32ml[39m[34ml[39m[35my[39m[31m:[39m Binding action (globalid) blueprint/shadow route for controller: search
2015-10-02T21:30:34.197Z - silly: [31ms[39m[33mi[39m[32ml[39m[34ml[39m[35my[39m[31m:[39m Binding action (sails) blueprint/shadow route for controller: search
2015-10-02T21:30:34.204Z - silly: [31ms[39m[33mi[39m[32ml[39m[34ml[39m[35my[39m[31m:[39m Binding action (identity) blueprint/shadow route for controller: user
2015-10-02T21:30:34.205Z - silly: [31ms[39m[33mi[39m[32ml[39m[34ml[39m[35my[39m[31m:[39m Binding action (globalid) blueprint/shadow route for controller: user
2015-10-02T21:30:34.205Z - silly: [31ms[39m[33mi[39m[32ml[39m[34ml[39m[35my[39m[31m:[39m Binding action (sails) blueprint/shadow route for controller: user
2015-10-02T21:30:34.209Z - silly: [31ms[39m[33mi[39m[32ml[39m[34ml[39m[35my[39m[31m:[39m Binding RESTful blueprint/shadow routes for model+controller: user
2015-10-02T21:30:34.210Z - silly: [31ms[39m[33mi[39m[32ml[39m[34ml[39m[35my[39m[31m:[39m Binding route ::  get /v1/users (POLICY: isAuthenticated)
2015-10-02T21:30:34.211Z - silly: [31ms[39m[33mi[39m[32ml[39m[34ml[39m[35my[39m[31m:[39m Binding route ::  get /v1/users (BLUEPRINT: )
2015-10-02T21:30:34.211Z - silly: [31ms[39m[33mi[39m[32ml[39m[34ml[39m[35my[39m[31m:[39m Binding route ::  get /v1/users/:id (POLICY: isAuthenticated)
2015-10-02T21:30:34.212Z - silly: [31ms[39m[33mi[39m[32ml[39m[34ml[39m[35my[39m[31m:[39m Binding route ::  get /v1/users/:id (BLUEPRINT: )
2015-10-02T21:30:34.212Z - silly: [31ms[39m[33mi[39m[32ml[39m[34ml[39m[35my[39m[31m:[39m Binding route ::  post /v1/users (POLICY: isAuthenticated)
2015-10-02T21:30:34.213Z - silly: [31ms[39m[33mi[39m[32ml[39m[34ml[39m[35my[39m[31m:[39m Binding route ::  post /v1/users (BLUEPRINT: )
2015-10-02T21:30:34.214Z - silly: [31ms[39m[33mi[39m[32ml[39m[34ml[39m[35my[39m[31m:[39m Binding route ::  put /v1/users/:id (POLICY: isAuthenticated)
2015-10-02T21:30:34.215Z - silly: [31ms[39m[33mi[39m[32ml[39m[34ml[39m[35my[39m[31m:[39m Binding route ::  put /v1/users/:id (BLUEPRINT: )
2015-10-02T21:30:34.215Z - silly: [31ms[39m[33mi[39m[32ml[39m[34ml[39m[35my[39m[31m:[39m Binding route ::  post /v1/users/:id (POLICY: isAuthenticated)
2015-10-02T21:30:34.216Z - silly: [31ms[39m[33mi[39m[32ml[39m[34ml[39m[35my[39m[31m:[39m Binding route ::  post /v1/users/:id (BLUEPRINT: )
2015-10-02T21:30:34.216Z - silly: [31ms[39m[33mi[39m[32ml[39m[34ml[39m[35my[39m[31m:[39m Binding route ::  delete /v1/users/:id? (POLICY: isAuthenticated)
2015-10-02T21:30:34.217Z - silly: [31ms[39m[33mi[39m[32ml[39m[34ml[39m[35my[39m[31m:[39m Binding route ::  delete /v1/users/:id? (BLUEPRINT: )
2015-10-02T21:30:34.218Z - verbose: [36mverbose: [39mAll hooks were loaded successfully.
2015-10-02T21:30:34.218Z - verbose: [36mverbose: [39mStarting app at /Users/Ainur/gitRepo/PickLocker/API...
2015-10-02T21:30:34.219Z - verbose: [36mverbose: [39mRunning the setup logic in `sails.config.bootstrap(cb)`...
2015-10-02T21:30:34.223Z - info: [32minfo: [39m
2015-10-02T21:30:34.223Z - info: [32minfo: [39m               .-..-.
2015-10-02T21:30:34.223Z - info: [32minfo: [39m
2015-10-02T21:30:34.223Z - info: [32minfo: [39m   Sails              <|    .-..-.
2015-10-02T21:30:34.224Z - info: [32minfo: [39m   v0.11.2             |\
2015-10-02T21:30:34.224Z - info: [32minfo: [39m                      /|.\
2015-10-02T21:30:34.224Z - info: [32minfo: [39m                     / || \
2015-10-02T21:30:34.224Z - info: [32minfo: [39m                   ,'  |'  \
2015-10-02T21:30:34.224Z - info: [32minfo: [39m                .-'.-==|/_--'
2015-10-02T21:30:34.225Z - info: [32minfo: [39m                `--'-------' 
2015-10-02T21:30:34.225Z - info: [32minfo: [39m   __---___--___---___--___---___--___
2015-10-02T21:30:34.225Z - info: [32minfo: [39m ____---___--___---___--___---___--___-__
2015-10-02T21:30:34.225Z - info: [32minfo: [39m
2015-10-02T21:30:34.225Z - info: [32minfo: [39mServer lifted in `/Users/Ainur/gitRepo/PickLocker/API`
2015-10-02T21:30:34.226Z - info: [32minfo: [39mTo see your app, visit [4mhttp://localhost:3000[24m
2015-10-02T21:30:34.226Z - info: [32minfo: [39mTo shut down Sails, press <CTRL> + C at any time.
2015-10-02T21:30:34.226Z - debug: [34mdebug: [39m[90m--------------------------------------------------------[39m
2015-10-02T21:30:34.227Z - debug: [34mdebug: [39m[90m:: Fri Oct 02 2015 23:30:34 GMT+0200 (CEST)[39m
2015-10-02T21:30:34.227Z - debug: [34mdebug: [39mEnvironment : development
2015-10-02T21:30:34.227Z - debug: [34mdebug: [39mPort        : 3000
2015-10-02T21:30:34.227Z - debug: [34mdebug: [39m[90m--------------------------------------------------------[39m
2015-10-02T21:30:49.497Z - verbose: [36mverbose: [39mLowering sails...
2015-10-02T21:30:49.499Z - verbose: [36mverbose: [39mShutting down socket server...
2015-10-02T21:30:49.500Z - verbose: [36mverbose: [39mShutting down HTTP server...
2015-10-02T21:30:49.508Z - verbose: [36mverbose: [39mHTTP server shut down successfully.
2015-10-02T21:30:55.965Z - verbose: [36mverbose: [39mlogger hook loaded successfully.
2015-10-02T21:30:55.967Z - verbose: [36mverbose: [39mrequest hook loaded successfully.
2015-10-02T21:30:55.968Z - verbose: [36mverbose: [39mLoading the app's models and adapters...
2015-10-02T21:30:55.969Z - verbose: [36mverbose: [39mLoading app models...
2015-10-02T21:30:55.970Z - verbose: [36mverbose: [39mLoading app adapters...
2015-10-02T21:30:55.972Z - verbose: [36mverbose: [39mLoading blueprint middleware...
2015-10-02T21:30:56.015Z - verbose: [36mverbose: [39mblueprints hook loaded successfully.
2015-10-02T21:30:56.016Z - verbose: [36mverbose: [39mresponses hook loaded successfully.
2015-10-02T21:30:56.020Z - verbose: [36mverbose: [39mcontrollers hook loaded successfully.
2015-10-02T21:30:56.021Z - verbose: [36mverbose: [39mLoading policy modules from app...
2015-10-02T21:30:56.023Z - verbose: [36mverbose: [39mFinished loading policy middleware logic.
2015-10-02T21:30:56.024Z - verbose: [36mverbose: [39mpolicies hook loaded successfully.
2015-10-02T21:30:56.024Z - verbose: [36mverbose: [39mservices hook loaded successfully.
2015-10-02T21:30:56.024Z - verbose: [36mverbose: [39mcors hook loaded successfully.
2015-10-02T21:30:56.106Z - verbose: [36mverbose: [39mhttp hook loaded successfully.
2015-10-02T21:30:56.106Z - verbose: [36mverbose: [39mPreparing socket.io...
2015-10-02T21:30:56.128Z - verbose: [36mverbose: [39msockets hook loaded successfully.
2015-10-02T21:30:56.128Z - verbose: [36mverbose: [39mpluralize-only-rest-models hook loaded successfully.
2015-10-02T21:30:56.129Z - verbose: [36mverbose: [39mcron hook loaded successfully.
2015-10-02T21:30:56.233Z - verbose: [36mverbose: [39morm hook loaded successfully.
2015-10-02T21:30:56.234Z - verbose: [36mverbose: [39mBuilt-in hooks are ready.
2015-10-02T21:30:56.234Z - verbose: [36mverbose: [39mInstantiating registry...
2015-10-02T21:30:56.235Z - verbose: [36mverbose: [39mLoading router...
2015-10-02T21:30:56.236Z - silly: [31ms[39m[33mi[39m[32ml[39m[34ml[39m[35my[39m[31m:[39m Binding route ::  all /* (REQUEST HOOK: addMixins)
2015-10-02T21:30:56.241Z - silly: [31ms[39m[33mi[39m[32ml[39m[34ml[39m[35my[39m[31m:[39m Binding route ::  all /* (RESPONSES HOOK: addResponseMethods)
2015-10-02T21:30:56.243Z - verbose: [36mverbose: [39mPolicy-controller bindings complete!
2015-10-02T21:30:56.244Z - silly: [31ms[39m[33mi[39m[32ml[39m[34ml[39m[35my[39m[31m:[39m Binding route ::  all /* (CORS HOOK: clearHeaders)
2015-10-02T21:30:56.248Z - silly: [31ms[39m[33mi[39m[32ml[39m[34ml[39m[35my[39m[31m:[39m Binding route ::  get /__getcookie (SOCKETS HOOK)
2015-10-02T21:30:56.250Z - silly: [31ms[39m[33mi[39m[32ml[39m[34ml[39m[35my[39m[31m:[39m Binding action (identity) blueprint/shadow route for controller: account
2015-10-02T21:30:56.252Z - silly: [31ms[39m[33mi[39m[32ml[39m[34ml[39m[35my[39m[31m:[39m Binding action (globalid) blueprint/shadow route for controller: account
2015-10-02T21:30:56.252Z - silly: [31ms[39m[33mi[39m[32ml[39m[34ml[39m[35my[39m[31m:[39m Binding action (sails) blueprint/shadow route for controller: account
2015-10-02T21:30:56.260Z - silly: [31ms[39m[33mi[39m[32ml[39m[34ml[39m[35my[39m[31m:[39m Binding RESTful blueprint/shadow routes for model+controller: account
2015-10-02T21:30:56.261Z - silly: [31ms[39m[33mi[39m[32ml[39m[34ml[39m[35my[39m[31m:[39m Binding route ::  get /v1/accounts (POLICY: isAuthenticated)
2015-10-02T21:30:56.261Z - silly: [31ms[39m[33mi[39m[32ml[39m[34ml[39m[35my[39m[31m:[39m Binding route ::  get /v1/accounts (BLUEPRINT: )
2015-10-02T21:30:56.262Z - silly: [31ms[39m[33mi[39m[32ml[39m[34ml[39m[35my[39m[31m:[39m Binding route ::  get /v1/accounts/:id (POLICY: isAuthenticated)
2015-10-02T21:30:56.262Z - silly: [31ms[39m[33mi[39m[32ml[39m[34ml[39m[35my[39m[31m:[39m Binding route ::  get /v1/accounts/:id (BLUEPRINT: )
2015-10-02T21:30:56.263Z - silly: [31ms[39m[33mi[39m[32ml[39m[34ml[39m[35my[39m[31m:[39m Binding route ::  post /v1/accounts (POLICY: isAuthenticated)
2015-10-02T21:30:56.263Z - silly: [31ms[39m[33mi[39m[32ml[39m[34ml[39m[35my[39m[31m:[39m Binding route ::  post /v1/accounts (BLUEPRINT: )
2015-10-02T21:30:56.264Z - silly: [31ms[39m[33mi[39m[32ml[39m[34ml[39m[35my[39m[31m:[39m Binding route ::  put /v1/accounts/:id (POLICY: isAuthenticated)
2015-10-02T21:30:56.264Z - silly: [31ms[39m[33mi[39m[32ml[39m[34ml[39m[35my[39m[31m:[39m Binding route ::  put /v1/accounts/:id (BLUEPRINT: )
2015-10-02T21:30:56.265Z - silly: [31ms[39m[33mi[39m[32ml[39m[34ml[39m[35my[39m[31m:[39m Binding route ::  post /v1/accounts/:id (POLICY: isAuthenticated)
2015-10-02T21:30:56.265Z - silly: [31ms[39m[33mi[39m[32ml[39m[34ml[39m[35my[39m[31m:[39m Binding route ::  post /v1/accounts/:id (BLUEPRINT: )
2015-10-02T21:30:56.266Z - silly: [31ms[39m[33mi[39m[32ml[39m[34ml[39m[35my[39m[31m:[39m Binding route ::  delete /v1/accounts/:id? (POLICY: isAuthenticated)
2015-10-02T21:30:56.266Z - silly: [31ms[39m[33mi[39m[32ml[39m[34ml[39m[35my[39m[31m:[39m Binding route ::  delete /v1/accounts/:id? (BLUEPRINT: )
2015-10-02T21:30:56.267Z - silly: [31ms[39m[33mi[39m[32ml[39m[34ml[39m[35my[39m[31m:[39m Binding action (signin) blueprint/shadow route for controller: auth
2015-10-02T21:30:56.267Z - silly: [31ms[39m[33mi[39m[32ml[39m[34ml[39m[35my[39m[31m:[39m Binding route ::   /v1/auth/signin/:id? (POLICY: alwaysAllow)
2015-10-02T21:30:56.268Z - silly: [31ms[39m[33mi[39m[32ml[39m[34ml[39m[35my[39m[31m:[39m Binding route ::   /v1/auth/signin/:id? (ACTION: auth/signin)
2015-10-02T21:30:56.269Z - silly: [31ms[39m[33mi[39m[32ml[39m[34ml[39m[35my[39m[31m:[39m Binding action (signup) blueprint/shadow route for controller: auth
2015-10-02T21:30:56.269Z - silly: [31ms[39m[33mi[39m[32ml[39m[34ml[39m[35my[39m[31m:[39m Binding route ::   /v1/auth/signup/:id? (POLICY: alwaysAllow)
2015-10-02T21:30:56.270Z - silly: [31ms[39m[33mi[39m[32ml[39m[34ml[39m[35my[39m[31m:[39m Binding route ::   /v1/auth/signup/:id? (ACTION: auth/signup)
2015-10-02T21:30:56.271Z - silly: [31ms[39m[33mi[39m[32ml[39m[34ml[39m[35my[39m[31m:[39m Binding action (social) blueprint/shadow route for controller: auth
2015-10-02T21:30:56.271Z - silly: [31ms[39m[33mi[39m[32ml[39m[34ml[39m[35my[39m[31m:[39m Binding route ::   /v1/auth/social/:id? (POLICY: alwaysAllow)
2015-10-02T21:30:56.272Z - silly: [31ms[39m[33mi[39m[32ml[39m[34ml[39m[35my[39m[31m:[39m Binding route ::   /v1/auth/social/:id? (ACTION: auth/social)
2015-10-02T21:30:56.273Z - silly: [31ms[39m[33mi[39m[32ml[39m[34ml[39m[35my[39m[31m:[39m Binding action (refresh_token) blueprint/shadow route for controller: auth
2015-10-02T21:30:56.273Z - silly: [31ms[39m[33mi[39m[32ml[39m[34ml[39m[35my[39m[31m:[39m Binding route ::   /v1/auth/refresh_token/:id? (POLICY: alwaysAllow)
2015-10-02T21:30:56.274Z - silly: [31ms[39m[33mi[39m[32ml[39m[34ml[39m[35my[39m[31m:[39m Binding route ::   /v1/auth/refresh_token/:id? (ACTION: auth/refresh_token)
2015-10-02T21:30:56.275Z - silly: [31ms[39m[33mi[39m[32ml[39m[34ml[39m[35my[39m[31m:[39m Binding action (identity) blueprint/shadow route for controller: auth
2015-10-02T21:30:56.275Z - silly: [31ms[39m[33mi[39m[32ml[39m[34ml[39m[35my[39m[31m:[39m Binding action (globalid) blueprint/shadow route for controller: auth
2015-10-02T21:30:56.275Z - silly: [31ms[39m[33mi[39m[32ml[39m[34ml[39m[35my[39m[31m:[39m Binding action (sails) blueprint/shadow route for controller: auth
2015-10-02T21:30:56.282Z - silly: [31ms[39m[33mi[39m[32ml[39m[34ml[39m[35my[39m[31m:[39m Binding action (index) blueprint/shadow route for controller: ping
2015-10-02T21:30:56.282Z - silly: [31ms[39m[33mi[39m[32ml[39m[34ml[39m[35my[39m[31m:[39m Binding route ::   /v1/ping/index/:id? (POLICY: alwaysAllow)
2015-10-02T21:30:56.284Z - silly: [31ms[39m[33mi[39m[32ml[39m[34ml[39m[35my[39m[31m:[39m Binding route ::   /v1/ping/index/:id? (ACTION: ping/index)
2015-10-02T21:30:56.286Z - silly: [31ms[39m[33mi[39m[32ml[39m[34ml[39m[35my[39m[31m:[39m Binding index blueprint/shadow route for controller: ping
2015-10-02T21:30:56.286Z - silly: [31ms[39m[33mi[39m[32ml[39m[34ml[39m[35my[39m[31m:[39m Binding route ::   /v1/ping (POLICY: alwaysAllow)
2015-10-02T21:30:56.287Z - silly: [31ms[39m[33mi[39m[32ml[39m[34ml[39m[35my[39m[31m:[39m Binding route ::   /v1/ping (ACTION: ping/index)
2015-10-02T21:30:56.288Z - silly: [31ms[39m[33mi[39m[32ml[39m[34ml[39m[35my[39m[31m:[39m Binding action (identity) blueprint/shadow route for controller: ping
2015-10-02T21:30:56.288Z - silly: [31ms[39m[33mi[39m[32ml[39m[34ml[39m[35my[39m[31m:[39m Binding action (globalid) blueprint/shadow route for controller: ping
2015-10-02T21:30:56.288Z - silly: [31ms[39m[33mi[39m[32ml[39m[34ml[39m[35my[39m[31m:[39m Binding action (sails) blueprint/shadow route for controller: ping
2015-10-02T21:30:56.293Z - silly: [31ms[39m[33mi[39m[32ml[39m[34ml[39m[35my[39m[31m:[39m Binding action (index) blueprint/shadow route for controller: search
2015-10-02T21:30:56.294Z - silly: [31ms[39m[33mi[39m[32ml[39m[34ml[39m[35my[39m[31m:[39m Binding route ::   /v1/search/index/:id? (POLICY: isAuthenticated)
2015-10-02T21:30:56.295Z - silly: [31ms[39m[33mi[39m[32ml[39m[34ml[39m[35my[39m[31m:[39m Binding route ::   /v1/search/index/:id? (ACTION: search/index)
2015-10-02T21:30:56.295Z - silly: [31ms[39m[33mi[39m[32ml[39m[34ml[39m[35my[39m[31m:[39m Binding index blueprint/shadow route for controller: search
2015-10-02T21:30:56.296Z - silly: [31ms[39m[33mi[39m[32ml[39m[34ml[39m[35my[39m[31m:[39m Binding route ::   /v1/search (POLICY: isAuthenticated)
2015-10-02T21:30:56.296Z - silly: [31ms[39m[33mi[39m[32ml[39m[34ml[39m[35my[39m[31m:[39m Binding route ::   /v1/search (ACTION: search/index)
2015-10-02T21:30:56.302Z - silly: [31ms[39m[33mi[39m[32ml[39m[34ml[39m[35my[39m[31m:[39m Binding action (identity) blueprint/shadow route for controller: search
2015-10-02T21:30:56.303Z - silly: [31ms[39m[33mi[39m[32ml[39m[34ml[39m[35my[39m[31m:[39m Binding action (globalid) blueprint/shadow route for controller: search
2015-10-02T21:30:56.303Z - silly: [31ms[39m[33mi[39m[32ml[39m[34ml[39m[35my[39m[31m:[39m Binding action (sails) blueprint/shadow route for controller: search
2015-10-02T21:30:56.307Z - silly: [31ms[39m[33mi[39m[32ml[39m[34ml[39m[35my[39m[31m:[39m Binding action (identity) blueprint/shadow route for controller: user
2015-10-02T21:30:56.308Z - silly: [31ms[39m[33mi[39m[32ml[39m[34ml[39m[35my[39m[31m:[39m Binding action (globalid) blueprint/shadow route for controller: user
2015-10-02T21:30:56.308Z - silly: [31ms[39m[33mi[39m[32ml[39m[34ml[39m[35my[39m[31m:[39m Binding action (sails) blueprint/shadow route for controller: user
2015-10-02T21:30:56.312Z - silly: [31ms[39m[33mi[39m[32ml[39m[34ml[39m[35my[39m[31m:[39m Binding RESTful blueprint/shadow routes for model+controller: user
2015-10-02T21:30:56.312Z - silly: [31ms[39m[33mi[39m[32ml[39m[34ml[39m[35my[39m[31m:[39m Binding route ::  get /v1/users (POLICY: isAuthenticated)
2015-10-02T21:30:56.313Z - silly: [31ms[39m[33mi[39m[32ml[39m[34ml[39m[35my[39m[31m:[39m Binding route ::  get /v1/users (BLUEPRINT: )
2015-10-02T21:30:56.313Z - silly: [31ms[39m[33mi[39m[32ml[39m[34ml[39m[35my[39m[31m:[39m Binding route ::  get /v1/users/:id (POLICY: isAuthenticated)
2015-10-02T21:30:56.314Z - silly: [31ms[39m[33mi[39m[32ml[39m[34ml[39m[35my[39m[31m:[39m Binding route ::  get /v1/users/:id (BLUEPRINT: )
2015-10-02T21:30:56.314Z - silly: [31ms[39m[33mi[39m[32ml[39m[34ml[39m[35my[39m[31m:[39m Binding route ::  post /v1/users (POLICY: isAuthenticated)
2015-10-02T21:30:56.315Z - silly: [31ms[39m[33mi[39m[32ml[39m[34ml[39m[35my[39m[31m:[39m Binding route ::  post /v1/users (BLUEPRINT: )
2015-10-02T21:30:56.315Z - silly: [31ms[39m[33mi[39m[32ml[39m[34ml[39m[35my[39m[31m:[39m Binding route ::  put /v1/users/:id (POLICY: isAuthenticated)
2015-10-02T21:30:56.316Z - silly: [31ms[39m[33mi[39m[32ml[39m[34ml[39m[35my[39m[31m:[39m Binding route ::  put /v1/users/:id (BLUEPRINT: )
2015-10-02T21:30:56.316Z - silly: [31ms[39m[33mi[39m[32ml[39m[34ml[39m[35my[39m[31m:[39m Binding route ::  post /v1/users/:id (POLICY: isAuthenticated)
2015-10-02T21:30:56.317Z - silly: [31ms[39m[33mi[39m[32ml[39m[34ml[39m[35my[39m[31m:[39m Binding route ::  post /v1/users/:id (BLUEPRINT: )
2015-10-02T21:30:56.317Z - silly: [31ms[39m[33mi[39m[32ml[39m[34ml[39m[35my[39m[31m:[39m Binding route ::  delete /v1/users/:id? (POLICY: isAuthenticated)
2015-10-02T21:30:56.318Z - silly: [31ms[39m[33mi[39m[32ml[39m[34ml[39m[35my[39m[31m:[39m Binding route ::  delete /v1/users/:id? (BLUEPRINT: )
2015-10-02T21:30:56.318Z - verbose: [36mverbose: [39mAll hooks were loaded successfully.
2015-10-02T21:30:56.319Z - verbose: [36mverbose: [39mStarting app at /Users/Ainur/gitRepo/PickLocker/API...
2015-10-02T21:30:56.319Z - verbose: [36mverbose: [39mRunning the setup logic in `sails.config.bootstrap(cb)`...
2015-10-02T21:30:56.323Z - info: [32minfo: [39m
2015-10-02T21:30:56.323Z - info: [32minfo: [39m               .-..-.
2015-10-02T21:30:56.324Z - info: [32minfo: [39m
2015-10-02T21:30:56.324Z - info: [32minfo: [39m   Sails              <|    .-..-.
2015-10-02T21:30:56.324Z - info: [32minfo: [39m   v0.11.2             |\
2015-10-02T21:30:56.324Z - info: [32minfo: [39m                      /|.\
2015-10-02T21:30:56.324Z - info: [32minfo: [39m                     / || \
2015-10-02T21:30:56.324Z - info: [32minfo: [39m                   ,'  |'  \
2015-10-02T21:30:56.325Z - info: [32minfo: [39m                .-'.-==|/_--'
2015-10-02T21:30:56.325Z - info: [32minfo: [39m                `--'-------' 
2015-10-02T21:30:56.325Z - info: [32minfo: [39m   __---___--___---___--___---___--___
2015-10-02T21:30:56.326Z - info: [32minfo: [39m ____---___--___---___--___---___--___-__
2015-10-02T21:30:56.326Z - info: [32minfo: [39m
2015-10-02T21:30:56.326Z - info: [32minfo: [39mServer lifted in `/Users/Ainur/gitRepo/PickLocker/API`
2015-10-02T21:30:56.327Z - info: [32minfo: [39mTo see your app, visit [4mhttp://localhost:3000[24m
2015-10-02T21:30:56.327Z - info: [32minfo: [39mTo shut down Sails, press <CTRL> + C at any time.
2015-10-02T21:30:56.327Z - debug: [34mdebug: [39m[90m--------------------------------------------------------[39m
2015-10-02T21:30:56.328Z - debug: [34mdebug: [39m[90m:: Fri Oct 02 2015 23:30:56 GMT+0200 (CEST)[39m
2015-10-02T21:30:56.328Z - debug: [34mdebug: [39mEnvironment : development
2015-10-02T21:30:56.329Z - debug: [34mdebug: [39mPort        : 3000
2015-10-02T21:30:56.329Z - debug: [34mdebug: [39m[90m--------------------------------------------------------[39m
